[PMAC_HARDWARE]
Gate1AutoDetect=0x10
Gate2AutoDetect=0x0
Gate3AutoDetect=0x0
CardIOAutoDetect=0x2
CardDPRAutoDetect=0x0
[PMAC_CONFIG]
Loading PMAC Defaults ($$$***) Configuration
[PMAC_PROJECT]
Start of Project Loading using INI File: "/var/ftp/usrflash/Project/Configuration/pp_proj.ini"
0 Project Symbols were created for gpascii -2 communication
[PMAC_PROJECT]
Start of Project Loading using INI File: "/var/ftp/usrflash/Project/Configuration/pp_proj.ini"
Including Project File: /var/ftp/usrflash/Project/Configuration/pp_disable.txt 
Including Project File: /var/ftp/usrflash/Project/PMAC Script Language/Global Includes/global definitions.pmh 
Including Project File: /var/ftp/usrflash/Project/PMAC Script Language/Libraries/subprog1.pmc 
Including Project File: /var/ftp/usrflash/Project/PMAC Script Language/Motion Programs/prog1.pmc 
Including Project File: /var/ftp/usrflash/Project/PMAC Script Language/PLC Programs/plc1.plc 
Including Project File: /var/ftp/usrflash/Project/Configuration/pp_startup.txt 
[PMAC_PROJECT]
Start of Project Loading using INI File: "/var/ftp/usrflash/Project/Configuration/pp_proj.ini"
Success: Loading usralgo.ko
Success: Loading RT Address of CfromScript
Success: Loading RT Address of CaptCompISR
LoadRTUserCode() Delta Time (sec) = 0.540688
Including Project File: /var/ftp/usrflash/Project/Configuration/pp_disable.txt 
Including Project File: /var/ftp/usrflash/Project/PMAC Script Language/Global Includes/global definitions.pmh 
Including Project File: /var/ftp/usrflash/Project/PMAC Script Language/Libraries/subprog1.pmc 
Including Project File: /var/ftp/usrflash/Project/PMAC Script Language/Motion Programs/prog1.pmc 
Including Project File: /var/ftp/usrflash/Project/PMAC Script Language/PLC Programs/plc1.plc 
Including Project File: /var/ftp/usrflash/Project/Configuration/pp_startup.txt 
Status: Pass 1 Create debug file, #defines, *.h & .sym files, Time (sec) = 0.029367
Status: Pass 2 Verify prog calls, local stack & labels, Time (sec)  = 0.001156
6 Project Symbols were created for gpascii -2 communication
Status: Create PPMAC Symbol Table & Run CPP Time (sec) = 0.525099
Status: Successful load of preprocessed File: "/var/ftp/usrflash/Temp/pp_proj.pma"
Status: Download to PPMAC Command Processor, Time (sec) = 0.001239
Status: Final pp_proj.h & Run Background C Apps, Time (sec) = 0.175393
Project Preprocessing & Load Total Time (sec) = 1.273780
[PMAC_PROJECT]
Start of Project Loading using INI File: "/var/ftp/usrflash/Project/Configuration/pp_proj.ini"
Including Project File: /var/ftp/usrflash/Project/Configuration/pp_disable.txt 
Including Project File: /var/ftp/usrflash/Project/PMAC Script Language/Global Includes/global definitions.pmh 
Including Project File: /var/ftp/usrflash/Project/PMAC Script Language/Libraries/subprog1.pmc 
Including Project File: /var/ftp/usrflash/Project/PMAC Script Language/Motion Programs/prog1.pmc 
Including Project File: /var/ftp/usrflash/Project/PMAC Script Language/PLC Programs/plc1.plc 
Including Project File: /var/ftp/usrflash/Project/Configuration/pp_startup.txt 
[PMAC_PROJECT]
Start of Project Loading using INI File: "/var/ftp/usrflash/Project/Configuration/pp_proj.ini"
Success: Loading usralgo.ko
Success: Loading RT Address of mainILC
Success: Loading RT Address of CfromScript
Success: Loading RT Address of CaptCompISR
LoadRTUserCode() Delta Time (sec) = 0.573552
Including Project File: /var/ftp/usrflash/Project/Configuration/pp_disable.txt 
Including Project File: /var/ftp/usrflash/Project/PMAC Script Language/Global Includes/global definitions.pmh 
Including Project File: /var/ftp/usrflash/Project/PMAC Script Language/Libraries/subprog1.pmc 
Including Project File: /var/ftp/usrflash/Project/PMAC Script Language/Motion Programs/prog1.pmc 
Including Project File: /var/ftp/usrflash/Project/PMAC Script Language/PLC Programs/plc1.plc 
Including Project File: /var/ftp/usrflash/Project/Configuration/pp_startup.txt 
Status: Pass 1 Create debug file, #defines, *.h & .sym files, Time (sec) = 0.027218
Status: Pass 2 Verify prog calls, local stack & labels, Time (sec)  = 0.001249
6 Project Symbols were created for gpascii -2 communication
Status: Create PPMAC Symbol Table & Run CPP Time (sec) = 0.193917
Status: Successful load of preprocessed File: "/var/ftp/usrflash/Temp/pp_proj.pma"
Status: Download to PPMAC Command Processor, Time (sec) = 0.001489
Status: Final pp_proj.h & Run Background C Apps, Time (sec) = 0.169571
Project Preprocessing & Load Total Time (sec) = 0.967756
[PMAC_PROJECT]
Start of Project Loading using INI File: "/var/ftp/usrflash/Project/Configuration/pp_proj.ini"
Including Project File: /var/ftp/usrflash/Project/Configuration/pp_disable.txt 
Including Project File: /var/ftp/usrflash/Project/PMAC Script Language/Global Includes/global definitions.pmh 
Including Project File: /var/ftp/usrflash/Project/PMAC Script Language/Libraries/subprog1.pmc 
Including Project File: /var/ftp/usrflash/Project/PMAC Script Language/Motion Programs/prog1.pmc 
Including Project File: /var/ftp/usrflash/Project/PMAC Script Language/PLC Programs/plc1.plc 
Including Project File: /var/ftp/usrflash/Project/Configuration/pp_startup.txt 
[PMAC_PROJECT]
Start of Project Loading using INI File: "/var/ftp/usrflash/Project/Configuration/pp_proj.ini"
Success: Loading usralgo.ko
Success: Loading RT Address of mainILC
Success: Loading RT Address of CfromScript
Success: Loading RT Address of CaptCompISR
LoadRTUserCode() Delta Time (sec) = 0.540593
Including Project File: /var/ftp/usrflash/Project/Configuration/pp_disable.txt 
Including Project File: /var/ftp/usrflash/Project/PMAC Script Language/Global Includes/global definitions.pmh 
Including Project File: /var/ftp/usrflash/Project/PMAC Script Language/Libraries/subprog1.pmc 
Including Project File: /var/ftp/usrflash/Project/PMAC Script Language/Motion Programs/prog1.pmc 
Including Project File: /var/ftp/usrflash/Project/PMAC Script Language/PLC Programs/plc1.plc 
Including Project File: /var/ftp/usrflash/Project/Configuration/pp_startup.txt 
Status: Pass 1 Create debug file, #defines, *.h & .sym files, Time (sec) = 0.021241
Status: Pass 2 Verify prog calls, local stack & labels, Time (sec)  = 0.001269
6 Project Symbols were created for gpascii -2 communication
Status: Create PPMAC Symbol Table & Run CPP Time (sec) = 0.190646
Status: Successful load of preprocessed File: "/var/ftp/usrflash/Temp/pp_proj.pma"
Status: Download to PPMAC Command Processor, Time (sec) = 0.001184
Status: Final pp_proj.h & Run Background C Apps, Time (sec) = 0.169521
Project Preprocessing & Load Total Time (sec) = 0.925243
[PMAC_PROJECT]
Start of Project Loading using INI File: "/var/ftp/usrflash/Project/Configuration/pp_proj.ini"
Including Project File: /var/ftp/usrflash/Project/Configuration/pp_disable.txt 
Including Project File: /var/ftp/usrflash/Project/PMAC Script Language/Global Includes/global definitions.pmh 
Including Project File: /var/ftp/usrflash/Project/PMAC Script Language/Libraries/subprog1.pmc 
Including Project File: /var/ftp/usrflash/Project/PMAC Script Language/Motion Programs/prog1.pmc 
Including Project File: /var/ftp/usrflash/Project/PMAC Script Language/PLC Programs/plc1.plc 
Including Project File: /var/ftp/usrflash/Project/Configuration/pp_startup.txt 
[PMAC_PROJECT]
Start of Project Loading using INI File: "/var/ftp/usrflash/Project/Configuration/pp_proj.ini"
Success: Loading usralgo.ko
Success: Loading RT Address of mainILC
Success: Loading RT Address of CfromScript
Success: Loading RT Address of CaptCompISR
LoadRTUserCode() Delta Time (sec) = 0.534977
Including Project File: /var/ftp/usrflash/Project/Configuration/pp_disable.txt 
Including Project File: /var/ftp/usrflash/Project/PMAC Script Language/Global Includes/global definitions.pmh 
Including Project File: /var/ftp/usrflash/Project/PMAC Script Language/Libraries/subprog1.pmc 
Including Project File: /var/ftp/usrflash/Project/PMAC Script Language/Motion Programs/prog1.pmc 
Including Project File: /var/ftp/usrflash/Project/PMAC Script Language/PLC Programs/plc1.plc 
Including Project File: /var/ftp/usrflash/Project/Configuration/pp_startup.txt 
Status: Pass 1 Create debug file, #defines, *.h & .sym files, Time (sec) = 0.020651
Status: Pass 2 Verify prog calls, local stack & labels, Time (sec)  = 0.001298
6 Project Symbols were created for gpascii -2 communication
Status: Create PPMAC Symbol Table & Run CPP Time (sec) = 0.161305
Status: Successful load of preprocessed File: "/var/ftp/usrflash/Temp/pp_proj.pma"
Status: Download to PPMAC Command Processor, Time (sec) = 0.001262
Status: Final pp_proj.h & Run Background C Apps, Time (sec) = 0.142550
Project Preprocessing & Load Total Time (sec) = 0.862890
[PMAC_PROJECT]
Start of Project Loading using INI File: "/var/ftp/usrflash/Project/Configuration/pp_proj.ini"
Success: Loading usralgo.ko
Success: Loading RT Address of mainILC
Success: Loading RT Address of CfromScript
Success: Loading RT Address of CaptCompISR
LoadRTUserCode() Delta Time (sec) = 0.609252
Including Project File: /var/ftp/usrflash/Project/Configuration/pp_disable.txt 
Including Project File: /var/ftp/usrflash/Project/PMAC Script Language/Global Includes/global definitions.pmh 
Including Project File: /var/ftp/usrflash/Project/PMAC Script Language/Libraries/subprog1.pmc 
Including Project File: /var/ftp/usrflash/Project/PMAC Script Language/Motion Programs/prog1.pmc 
Including Project File: /var/ftp/usrflash/Project/PMAC Script Language/PLC Programs/plc1.plc 
Including Project File: /var/ftp/usrflash/Project/Configuration/pp_startup.txt 
Status: Pass 1 Create debug file, #defines, *.h & .sym files, Time (sec) = 0.026500
Status: Pass 2 Verify prog calls, local stack & labels, Time (sec)  = 0.001143
6 Project Symbols were created for gpascii -2 communication
Status: Create PPMAC Symbol Table & Run CPP Time (sec) = 0.183806
Status: Successful load of preprocessed File: "/var/ftp/usrflash/Temp/pp_proj.pma"
Status: Download to PPMAC Command Processor, Time (sec) = 0.001207
Status: Final pp_proj.h & Run Background C Apps, Time (sec) = 0.052324
Project Preprocessing & Load Total Time (sec) = 0.874608
[PMAC_PROJECT]
Start of Project Loading using INI File: "/var/ftp/usrflash/Project/Configuration/pp_proj.ini"
Including Project File: /var/ftp/usrflash/Project/Configuration/pp_disable.txt 
Including Project File: /var/ftp/usrflash/Project/PMAC Script Language/Global Includes/global definitions.pmh 
Including Project File: /var/ftp/usrflash/Project/PMAC Script Language/Libraries/subprog1.pmc 
Including Project File: /var/ftp/usrflash/Project/PMAC Script Language/Motion Programs/prog1.pmc 
Including Project File: /var/ftp/usrflash/Project/PMAC Script Language/PLC Programs/plc1.plc 
Including Project File: /var/ftp/usrflash/Project/Configuration/pp_startup.txt 
[PMAC_PROJECT]
Start of Project Loading using INI File: "/var/ftp/usrflash/Project/Configuration/pp_proj.ini"
Success: Loading usralgo.ko
Success: Loading RT Address of mainILC
Success: Loading RT Address of CfromScript
Success: Loading RT Address of CaptCompISR
LoadRTUserCode() Delta Time (sec) = 0.536814
Including Project File: /var/ftp/usrflash/Project/Configuration/pp_disable.txt 
Including Project File: /var/ftp/usrflash/Project/PMAC Script Language/Global Includes/global definitions.pmh 
Including Project File: /var/ftp/usrflash/Project/PMAC Script Language/Libraries/subprog1.pmc 
Including Project File: /var/ftp/usrflash/Project/PMAC Script Language/Motion Programs/prog1.pmc 
Including Project File: /var/ftp/usrflash/Project/PMAC Script Language/PLC Programs/plc1.plc 
Including Project File: /var/ftp/usrflash/Project/Configuration/pp_startup.txt 
Status: Pass 1 Create debug file, #defines, *.h & .sym files, Time (sec) = 0.020744
Status: Pass 2 Verify prog calls, local stack & labels, Time (sec)  = 0.001267
6 Project Symbols were created for gpascii -2 communication
Status: Create PPMAC Symbol Table & Run CPP Time (sec) = 0.159946
Status: Successful load of preprocessed File: "/var/ftp/usrflash/Temp/pp_proj.pma"
Status: Download to PPMAC Command Processor, Time (sec) = 0.001194
Status: Final pp_proj.h & Run Background C Apps, Time (sec) = 0.147364
Project Preprocessing & Load Total Time (sec) = 0.868171
[PMAC_PROJECT]
Start of Project Loading using INI File: "/var/ftp/usrflash/Project/Configuration/pp_proj.ini"
Success: Loading usralgo.ko
Success: Loading RT Address of mainILC
Success: Loading RT Address of CfromScript
Success: Loading RT Address of CaptCompISR
LoadRTUserCode() Delta Time (sec) = 0.614469
Including Project File: /var/ftp/usrflash/Project/Configuration/pp_disable.txt 
Including Project File: /var/ftp/usrflash/Project/PMAC Script Language/Global Includes/global definitions.pmh 
Including Project File: /var/ftp/usrflash/Project/PMAC Script Language/Libraries/subprog1.pmc 
Including Project File: /var/ftp/usrflash/Project/PMAC Script Language/Motion Programs/prog1.pmc 
Including Project File: /var/ftp/usrflash/Project/PMAC Script Language/PLC Programs/plc1.plc 
Including Project File: /var/ftp/usrflash/Project/Configuration/pp_startup.txt 
Status: Pass 1 Create debug file, #defines, *.h & .sym files, Time (sec) = 0.026205
Status: Pass 2 Verify prog calls, local stack & labels, Time (sec)  = 0.001327
6 Project Symbols were created for gpascii -2 communication
Status: Create PPMAC Symbol Table & Run CPP Time (sec) = 0.187778
Status: Successful load of preprocessed File: "/var/ftp/usrflash/Temp/pp_proj.pma"
Status: Download to PPMAC Command Processor, Time (sec) = 0.001241
Status: Final pp_proj.h & Run Background C Apps, Time (sec) = 0.054617
Project Preprocessing & Load Total Time (sec) = 0.885987
[PMAC_PROJECT]
Start of Project Loading using INI File: "/var/ftp/usrflash/Project/Configuration/pp_proj.ini"
Including Project File: /var/ftp/usrflash/Project/Configuration/pp_disable.txt 
Including Project File: /var/ftp/usrflash/Project/PMAC Script Language/Global Includes/global definitions.pmh 
Including Project File: /var/ftp/usrflash/Project/PMAC Script Language/Libraries/subprog1.pmc 
Including Project File: /var/ftp/usrflash/Project/PMAC Script Language/Motion Programs/prog1.pmc 
Including Project File: /var/ftp/usrflash/Project/PMAC Script Language/PLC Programs/plc1.plc 
Including Project File: /var/ftp/usrflash/Project/Configuration/pp_startup.txt 
[PMAC_PROJECT]
Start of Project Loading using INI File: "/var/ftp/usrflash/Project/Configuration/pp_proj.ini"
Success: Loading usralgo.ko
Success: Loading RT Address of mainILC
Success: Loading RT Address of CfromScript
Success: Loading RT Address of CaptCompISR
LoadRTUserCode() Delta Time (sec) = 0.624106
Including Project File: /var/ftp/usrflash/Project/Configuration/pp_disable.txt 
Including Project File: /var/ftp/usrflash/Project/PMAC Script Language/Global Includes/global definitions.pmh 
Including Project File: /var/ftp/usrflash/Project/PMAC Script Language/Libraries/subprog1.pmc 
Including Project File: /var/ftp/usrflash/Project/PMAC Script Language/Motion Programs/prog1.pmc 
Including Project File: /var/ftp/usrflash/Project/PMAC Script Language/PLC Programs/plc1.plc 
Including Project File: /var/ftp/usrflash/Project/Configuration/pp_startup.txt 
Status: Pass 1 Create debug file, #defines, *.h & .sym files, Time (sec) = 0.026232
Status: Pass 2 Verify prog calls, local stack & labels, Time (sec)  = 0.001247
6 Project Symbols were created for gpascii -2 communication
Status: Create PPMAC Symbol Table & Run CPP Time (sec) = 0.187294
Status: Successful load of preprocessed File: "/var/ftp/usrflash/Temp/pp_proj.pma"
Status: Download to PPMAC Command Processor, Time (sec) = 0.001230
Status: Final pp_proj.h & Run Background C Apps, Time (sec) = 0.156122
Project Preprocessing & Load Total Time (sec) = 0.999999
[PMAC_PROJECT]
Start of Project Loading using INI File: "/var/ftp/usrflash/Project/Configuration/pp_proj.ini"
Including Project File: /var/ftp/usrflash/Project/Configuration/pp_disable.txt 
Including Project File: /var/ftp/usrflash/Project/PMAC Script Language/Global Includes/global definitions.pmh 
Including Project File: /var/ftp/usrflash/Project/PMAC Script Language/Libraries/subprog1.pmc 
Including Project File: /var/ftp/usrflash/Project/PMAC Script Language/Motion Programs/prog1.pmc 
Including Project File: /var/ftp/usrflash/Project/PMAC Script Language/PLC Programs/plc1.plc 
Including Project File: /var/ftp/usrflash/Project/Configuration/pp_startup.txt 
[PMAC_PROJECT]
Start of Project Loading using INI File: "/var/ftp/usrflash/Project/Configuration/pp_proj.ini"
Success: Loading usralgo.ko
Success: Loading RT Address of mainILC
Success: Loading RT Address of CfromScript
Success: Loading RT Address of CaptCompISR
LoadRTUserCode() Delta Time (sec) = 0.629825
Including Project File: /var/ftp/usrflash/Project/Configuration/pp_disable.txt 
Including Project File: /var/ftp/usrflash/Project/PMAC Script Language/Global Includes/global definitions.pmh 
Including Project File: /var/ftp/usrflash/Project/PMAC Script Language/Libraries/subprog1.pmc 
Including Project File: /var/ftp/usrflash/Project/PMAC Script Language/Motion Programs/prog1.pmc 
Including Project File: /var/ftp/usrflash/Project/PMAC Script Language/PLC Programs/plc1.plc 
Including Project File: /var/ftp/usrflash/Project/Configuration/pp_startup.txt 
Status: Pass 1 Create debug file, #defines, *.h & .sym files, Time (sec) = 0.026479
Status: Pass 2 Verify prog calls, local stack & labels, Time (sec)  = 0.001293
6 Project Symbols were created for gpascii -2 communication
Status: Create PPMAC Symbol Table & Run CPP Time (sec) = 0.187765
Status: Successful load of preprocessed File: "/var/ftp/usrflash/Temp/pp_proj.pma"
Status: Download to PPMAC Command Processor, Time (sec) = 0.001209
Status: Final pp_proj.h & Run Background C Apps, Time (sec) = 0.153990
Project Preprocessing & Load Total Time (sec) = 1.001408
[PMAC_PROJECT]
Start of Project Loading using INI File: "/var/ftp/usrflash/Project/Configuration/pp_proj.ini"
Including Project File: /var/ftp/usrflash/Project/Configuration/pp_disable.txt 
Including Project File: /var/ftp/usrflash/Project/PMAC Script Language/Global Includes/global definitions.pmh 
Including Project File: /var/ftp/usrflash/Project/PMAC Script Language/Libraries/subprog1.pmc 
Including Project File: /var/ftp/usrflash/Project/PMAC Script Language/Motion Programs/prog1.pmc 
Including Project File: /var/ftp/usrflash/Project/PMAC Script Language/PLC Programs/plc1.plc 
Including Project File: /var/ftp/usrflash/Project/Configuration/pp_startup.txt 
[PMAC_PROJECT]
Start of Project Loading using INI File: "/var/ftp/usrflash/Project/Configuration/pp_proj.ini"
Success: Loading usralgo.ko
Success: Loading RT Address of mainILC
Success: Loading RT Address of CfromScript
Success: Loading RT Address of CaptCompISR
LoadRTUserCode() Delta Time (sec) = 0.619018
Including Project File: /var/ftp/usrflash/Project/Configuration/pp_disable.txt 
Including Project File: /var/ftp/usrflash/Project/PMAC Script Language/Global Includes/global definitions.pmh 
Including Project File: /var/ftp/usrflash/Project/PMAC Script Language/Libraries/subprog1.pmc 
Including Project File: /var/ftp/usrflash/Project/PMAC Script Language/Motion Programs/prog1.pmc 
Including Project File: /var/ftp/usrflash/Project/PMAC Script Language/PLC Programs/plc1.plc 
Including Project File: /var/ftp/usrflash/Project/Configuration/pp_startup.txt 
Status: Pass 1 Create debug file, #defines, *.h & .sym files, Time (sec) = 0.023202
Status: Pass 2 Verify prog calls, local stack & labels, Time (sec)  = 0.001271
6 Project Symbols were created for gpascii -2 communication
Status: Create PPMAC Symbol Table & Run CPP Time (sec) = 0.184418
Status: Successful load of preprocessed File: "/var/ftp/usrflash/Temp/pp_proj.pma"
Status: Download to PPMAC Command Processor, Time (sec) = 0.001227
Status: Final pp_proj.h & Run Background C Apps, Time (sec) = 0.156717
Project Preprocessing & Load Total Time (sec) = 0.986713
[PMAC_PROJECT]
Start of Project Loading using INI File: "/var/ftp/usrflash/Project/Configuration/pp_proj.ini"
Including Project File: /var/ftp/usrflash/Project/Configuration/pp_disable.txt 
Including Project File: /var/ftp/usrflash/Project/PMAC Script Language/Global Includes/global definitions.pmh 
Including Project File: /var/ftp/usrflash/Project/PMAC Script Language/Libraries/subprog1.pmc 
Including Project File: /var/ftp/usrflash/Project/PMAC Script Language/Motion Programs/prog1.pmc 
Including Project File: /var/ftp/usrflash/Project/PMAC Script Language/PLC Programs/plc1.plc 
Including Project File: /var/ftp/usrflash/Project/Configuration/pp_startup.txt 
[PMAC_PROJECT]
Start of Project Loading using INI File: "/var/ftp/usrflash/Project/Configuration/pp_proj.ini"
Success: Loading usralgo.ko
Success: Loading RT Address of mainILC
Success: Loading RT Address of CfromScript
Success: Loading RT Address of CaptCompISR
LoadRTUserCode() Delta Time (sec) = 0.592380
Including Project File: /var/ftp/usrflash/Project/Configuration/pp_disable.txt 
Including Project File: /var/ftp/usrflash/Project/PMAC Script Language/Global Includes/global definitions.pmh 
Including Project File: /var/ftp/usrflash/Project/PMAC Script Language/Libraries/subprog1.pmc 
Including Project File: /var/ftp/usrflash/Project/PMAC Script Language/Motion Programs/prog1.pmc 
Including Project File: /var/ftp/usrflash/Project/PMAC Script Language/PLC Programs/plc1.plc 
Including Project File: /var/ftp/usrflash/Project/Configuration/pp_startup.txt 
Status: Pass 1 Create debug file, #defines, *.h & .sym files, Time (sec) = 0.026515
Status: Pass 2 Verify prog calls, local stack & labels, Time (sec)  = 0.001160
6 Project Symbols were created for gpascii -2 communication
Status: Create PPMAC Symbol Table & Run CPP Time (sec) = 0.185713
Status: Successful load of preprocessed File: "/var/ftp/usrflash/Temp/pp_proj.pma"
Status: Download to PPMAC Command Processor, Time (sec) = 0.001191
Status: Final pp_proj.h & Run Background C Apps, Time (sec) = 0.161986
Project Preprocessing & Load Total Time (sec) = 0.969816
[PMAC_PROJECT]
Start of Project Loading using INI File: "/var/ftp/usrflash/Project/Configuration/pp_proj.ini"
Success: Loading usralgo.ko
Success: Loading RT Address of mainILC
Success: Loading RT Address of CfromScript
Success: Loading RT Address of CaptCompISR
LoadRTUserCode() Delta Time (sec) = 0.581038
Including Project File: /var/ftp/usrflash/Project/Configuration/pp_disable.txt 
Including Project File: /var/ftp/usrflash/Project/PMAC Script Language/Global Includes/global definitions.pmh 
Including Project File: /var/ftp/usrflash/Project/PMAC Script Language/Libraries/subprog1.pmc 
Including Project File: /var/ftp/usrflash/Project/PMAC Script Language/Motion Programs/prog1.pmc 
Including Project File: /var/ftp/usrflash/Project/PMAC Script Language/PLC Programs/plc1.plc 
Including Project File: /var/ftp/usrflash/Project/Configuration/pp_startup.txt 
Status: Pass 1 Create debug file, #defines, *.h & .sym files, Time (sec) = 0.023525
Status: Pass 2 Verify prog calls, local stack & labels, Time (sec)  = 0.001161
6 Project Symbols were created for gpascii -2 communication
Status: Create PPMAC Symbol Table & Run CPP Time (sec) = 0.185999
Status: Successful load of preprocessed File: "/var/ftp/usrflash/Temp/pp_proj.pma"
Status: Download to PPMAC Command Processor, Time (sec) = 0.001149
Status: Final pp_proj.h & Run Background C Apps, Time (sec) = 0.055745
Project Preprocessing & Load Total Time (sec) = 0.848894
[PMAC_PROJECT]
Start of Project Loading using INI File: "/var/ftp/usrflash/Project/Configuration/pp_proj.ini"
Including Project File: /var/ftp/usrflash/Project/Configuration/pp_disable.txt 
Including Project File: /var/ftp/usrflash/Project/PMAC Script Language/Global Includes/global definitions.pmh 
Including Project File: /var/ftp/usrflash/Project/PMAC Script Language/Libraries/subprog1.pmc 
Including Project File: /var/ftp/usrflash/Project/PMAC Script Language/Motion Programs/prog1.pmc 
Including Project File: /var/ftp/usrflash/Project/PMAC Script Language/PLC Programs/plc1.plc 
Including Project File: /var/ftp/usrflash/Project/Configuration/pp_startup.txt 
[PMAC_PROJECT]
Start of Project Loading using INI File: "/var/ftp/usrflash/Project/Configuration/pp_proj.ini"
Success: Loading usralgo.ko
Success: Loading RT Address of mainILC
Success: Loading RT Address of CfromScript
Success: Loading RT Address of CaptCompISR
LoadRTUserCode() Delta Time (sec) = 0.620542
Including Project File: /var/ftp/usrflash/Project/Configuration/pp_disable.txt 
Including Project File: /var/ftp/usrflash/Project/PMAC Script Language/Global Includes/global definitions.pmh 
Including Project File: /var/ftp/usrflash/Project/PMAC Script Language/Libraries/subprog1.pmc 
Including Project File: /var/ftp/usrflash/Project/PMAC Script Language/Motion Programs/prog1.pmc 
Including Project File: /var/ftp/usrflash/Project/PMAC Script Language/PLC Programs/plc1.plc 
Including Project File: /var/ftp/usrflash/Project/Configuration/pp_startup.txt 
Status: Pass 1 Create debug file, #defines, *.h & .sym files, Time (sec) = 0.026449
Status: Pass 2 Verify prog calls, local stack & labels, Time (sec)  = 0.001166
6 Project Symbols were created for gpascii -2 communication
Status: Create PPMAC Symbol Table & Run CPP Time (sec) = 0.189225
Status: Successful load of preprocessed File: "/var/ftp/usrflash/Temp/pp_proj.pma"
Status: Download to PPMAC Command Processor, Time (sec) = 0.001196
Status: Final pp_proj.h & Run Background C Apps, Time (sec) = 0.164325
Project Preprocessing & Load Total Time (sec) = 1.003788
[PMAC_PROJECT]
Start of Project Loading using INI File: "/var/ftp/usrflash/Project/Configuration/pp_proj.ini"
Including Project File: /var/ftp/usrflash/Project/Configuration/pp_disable.txt 
Including Project File: /var/ftp/usrflash/Project/PMAC Script Language/Global Includes/global definitions.pmh 
Including Project File: /var/ftp/usrflash/Project/PMAC Script Language/Libraries/subprog1.pmc 
Including Project File: /var/ftp/usrflash/Project/PMAC Script Language/Motion Programs/prog1.pmc 
Including Project File: /var/ftp/usrflash/Project/PMAC Script Language/PLC Programs/plc1.plc 
Including Project File: /var/ftp/usrflash/Project/Configuration/pp_startup.txt 
[PMAC_PROJECT]
Start of Project Loading using INI File: "/var/ftp/usrflash/Project/Configuration/pp_proj.ini"
Success: Loading usralgo.ko
Success: Loading RT Address of mainILC
Success: Loading RT Address of CfromScript
Success: Loading RT Address of CaptCompISR
LoadRTUserCode() Delta Time (sec) = 0.531419
Including Project File: /var/ftp/usrflash/Project/Configuration/pp_disable.txt 
Including Project File: /var/ftp/usrflash/Project/PMAC Script Language/Global Includes/global definitions.pmh 
Including Project File: /var/ftp/usrflash/Project/PMAC Script Language/Libraries/subprog1.pmc 
Including Project File: /var/ftp/usrflash/Project/PMAC Script Language/Motion Programs/prog1.pmc 
Including Project File: /var/ftp/usrflash/Project/PMAC Script Language/PLC Programs/plc1.plc 
Including Project File: /var/ftp/usrflash/Project/Configuration/pp_startup.txt 
Status: Pass 1 Create debug file, #defines, *.h & .sym files, Time (sec) = 0.022357
Status: Pass 2 Verify prog calls, local stack & labels, Time (sec)  = 0.001263
8 Project Symbols were created for gpascii -2 communication
Status: Create PPMAC Symbol Table & Run CPP Time (sec) = 0.167724
Status: Successful load of preprocessed File: "/var/ftp/usrflash/Temp/pp_proj.pma"
Status: Download to PPMAC Command Processor, Time (sec) = 0.001987
Status: Final pp_proj.h & Run Background C Apps, Time (sec) = 0.141228
Project Preprocessing & Load Total Time (sec) = 0.866761
[PMAC_PROJECT]
Start of Project Loading using INI File: "/var/ftp/usrflash/Project/Configuration/pp_proj.ini"
Including Project File: /var/ftp/usrflash/Project/Configuration/pp_disable.txt 
Including Project File: /var/ftp/usrflash/Project/PMAC Script Language/Global Includes/global definitions.pmh 
Including Project File: /var/ftp/usrflash/Project/PMAC Script Language/Libraries/subprog1.pmc 
Including Project File: /var/ftp/usrflash/Project/PMAC Script Language/Motion Programs/prog1.pmc 
Including Project File: /var/ftp/usrflash/Project/PMAC Script Language/PLC Programs/plc1.plc 
Including Project File: /var/ftp/usrflash/Project/Configuration/pp_startup.txt 
[PMAC_PROJECT]
Start of Project Loading using INI File: "/var/ftp/usrflash/Project/Configuration/pp_proj.ini"
Success: Loading usralgo.ko
Success: Loading RT Address of mainILC
Success: Loading RT Address of CfromScript
Success: Loading RT Address of CaptCompISR
LoadRTUserCode() Delta Time (sec) = 0.638115
Including Project File: /var/ftp/usrflash/Project/Configuration/pp_disable.txt 
Including Project File: /var/ftp/usrflash/Project/PMAC Script Language/Global Includes/global definitions.pmh 
Including Project File: /var/ftp/usrflash/Project/PMAC Script Language/Libraries/subprog1.pmc 
Including Project File: /var/ftp/usrflash/Project/PMAC Script Language/Motion Programs/prog1.pmc 
Including Project File: /var/ftp/usrflash/Project/PMAC Script Language/PLC Programs/plc1.plc 
Including Project File: /var/ftp/usrflash/Project/Configuration/pp_startup.txt 
Status: Pass 1 Create debug file, #defines, *.h & .sym files, Time (sec) = 0.023529
Status: Pass 2 Verify prog calls, local stack & labels, Time (sec)  = 0.003908
8 Project Symbols were created for gpascii -2 communication
Status: Create PPMAC Symbol Table & Run CPP Time (sec) = 0.192956
Status: Successful load of preprocessed File: "/var/ftp/usrflash/Temp/pp_proj.pma"
Status: Download to PPMAC Command Processor, Time (sec) = 0.001211
Status: Final pp_proj.h & Run Background C Apps, Time (sec) = 0.164300
Project Preprocessing & Load Total Time (sec) = 1.024843
[PMAC_PROJECT]
Start of Project Loading using INI File: "/var/ftp/usrflash/Project/Configuration/pp_proj.ini"
Success: Loading usralgo.ko
Success: Loading RT Address of mainILC
Success: Loading RT Address of CfromScript
Success: Loading RT Address of CaptCompISR
LoadRTUserCode() Delta Time (sec) = 0.633797
Including Project File: /var/ftp/usrflash/Project/Configuration/pp_disable.txt 
Including Project File: /var/ftp/usrflash/Project/PMAC Script Language/Global Includes/global definitions.pmh 
Including Project File: /var/ftp/usrflash/Project/PMAC Script Language/Libraries/subprog1.pmc 
Including Project File: /var/ftp/usrflash/Project/PMAC Script Language/Motion Programs/prog1.pmc 
Including Project File: /var/ftp/usrflash/Project/PMAC Script Language/PLC Programs/plc1.plc 
Including Project File: /var/ftp/usrflash/Project/Configuration/pp_startup.txt 
Status: Pass 1 Create debug file, #defines, *.h & .sym files, Time (sec) = 0.025917
Status: Pass 2 Verify prog calls, local stack & labels, Time (sec)  = 0.001298
8 Project Symbols were created for gpascii -2 communication
Status: Create PPMAC Symbol Table & Run CPP Time (sec) = 0.191758
Status: Successful load of preprocessed File: "/var/ftp/usrflash/Temp/pp_proj.pma"
Status: Download to PPMAC Command Processor, Time (sec) = 0.001179
Status: Final pp_proj.h & Run Background C Apps, Time (sec) = 0.057030
Project Preprocessing & Load Total Time (sec) = 0.911202
[PMAC_PROJECT]
Start of Project Loading using INI File: "/var/ftp/usrflash/Project/Configuration/pp_proj.ini"
Including Project File: /var/ftp/usrflash/Project/Configuration/pp_disable.txt 
Including Project File: /var/ftp/usrflash/Project/PMAC Script Language/Global Includes/global definitions.pmh 
Including Project File: /var/ftp/usrflash/Project/PMAC Script Language/Libraries/subprog1.pmc 
Including Project File: /var/ftp/usrflash/Project/PMAC Script Language/Motion Programs/prog1.pmc 
Including Project File: /var/ftp/usrflash/Project/PMAC Script Language/PLC Programs/plc1.plc 
Including Project File: /var/ftp/usrflash/Project/Configuration/pp_startup.txt 
[PMAC_PROJECT]
Start of Project Loading using INI File: "/var/ftp/usrflash/Project/Configuration/pp_proj.ini"
Success: Loading usralgo.ko
Success: Loading RT Address of mainILC
Success: Loading RT Address of CfromScript
Success: Loading RT Address of CaptCompISR
LoadRTUserCode() Delta Time (sec) = 0.643366
Including Project File: /var/ftp/usrflash/Project/Configuration/pp_disable.txt 
Including Project File: /var/ftp/usrflash/Project/PMAC Script Language/Global Includes/global definitions.pmh 
Including Project File: /var/ftp/usrflash/Project/PMAC Script Language/Libraries/subprog1.pmc 
Including Project File: /var/ftp/usrflash/Project/PMAC Script Language/Motion Programs/prog1.pmc 
Including Project File: /var/ftp/usrflash/Project/PMAC Script Language/PLC Programs/plc1.plc 
Including Project File: /var/ftp/usrflash/Project/Configuration/pp_startup.txt 
Status: Pass 1 Create debug file, #defines, *.h & .sym files, Time (sec) = 0.023451
Status: Pass 2 Verify prog calls, local stack & labels, Time (sec)  = 0.003817
8 Project Symbols were created for gpascii -2 communication
Status: Create PPMAC Symbol Table & Run CPP Time (sec) = 0.193855
Status: Successful load of preprocessed File: "/var/ftp/usrflash/Temp/pp_proj.pma"
Status: Download to PPMAC Command Processor, Time (sec) = 0.001237
Status: Final pp_proj.h & Run Background C Apps, Time (sec) = 0.161922
Project Preprocessing & Load Total Time (sec) = 1.031067
[PMAC_PROJECT]
Start of Project Loading using INI File: "/var/ftp/usrflash/Project/Configuration/pp_proj.ini"
Including Project File: /var/ftp/usrflash/Project/Configuration/pp_disable.txt 
Including Project File: /var/ftp/usrflash/Project/PMAC Script Language/Global Includes/global definitions.pmh 
Including Project File: /var/ftp/usrflash/Project/PMAC Script Language/Libraries/subprog1.pmc 
Including Project File: /var/ftp/usrflash/Project/PMAC Script Language/Motion Programs/prog1.pmc 
Including Project File: /var/ftp/usrflash/Project/PMAC Script Language/PLC Programs/plc1.plc 
Including Project File: /var/ftp/usrflash/Project/Configuration/pp_startup.txt 
[PMAC_PROJECT]
Start of Project Loading using INI File: "/var/ftp/usrflash/Project/Configuration/pp_proj.ini"
Success: Loading usralgo.ko
Success: Loading RT Address of mainILC
Success: Loading RT Address of CfromScript
Success: Loading RT Address of CaptCompISR
LoadRTUserCode() Delta Time (sec) = 0.638817
Including Project File: /var/ftp/usrflash/Project/Configuration/pp_disable.txt 
Including Project File: /var/ftp/usrflash/Project/PMAC Script Language/Global Includes/global definitions.pmh 
Including Project File: /var/ftp/usrflash/Project/PMAC Script Language/Libraries/subprog1.pmc 
Including Project File: /var/ftp/usrflash/Project/PMAC Script Language/Motion Programs/prog1.pmc 
Including Project File: /var/ftp/usrflash/Project/PMAC Script Language/PLC Programs/plc1.plc 
Including Project File: /var/ftp/usrflash/Project/Configuration/pp_startup.txt 
Status: Pass 1 Create debug file, #defines, *.h & .sym files, Time (sec) = 0.023893
Status: Pass 2 Verify prog calls, local stack & labels, Time (sec)  = 0.003765
8 Project Symbols were created for gpascii -2 communication
Status: Create PPMAC Symbol Table & Run CPP Time (sec) = 0.192929
Status: Successful load of preprocessed File: "/var/ftp/usrflash/Temp/pp_proj.pma"
Status: Download to PPMAC Command Processor, Time (sec) = 0.001277
Status: Final pp_proj.h & Run Background C Apps, Time (sec) = 0.161023
Project Preprocessing & Load Total Time (sec) = 1.022583
[PMAC_PROJECT]
Start of Project Loading using INI File: "/var/ftp/usrflash/Project/Configuration/pp_proj.ini"
Including Project File: /var/ftp/usrflash/Project/Configuration/pp_disable.txt 
Including Project File: /var/ftp/usrflash/Project/PMAC Script Language/Global Includes/global definitions.pmh 
Including Project File: /var/ftp/usrflash/Project/PMAC Script Language/Libraries/subprog1.pmc 
Including Project File: /var/ftp/usrflash/Project/PMAC Script Language/Motion Programs/prog1.pmc 
Including Project File: /var/ftp/usrflash/Project/PMAC Script Language/PLC Programs/plc1.plc 
Including Project File: /var/ftp/usrflash/Project/Configuration/pp_startup.txt 
[PMAC_PROJECT]
Start of Project Loading using INI File: "/var/ftp/usrflash/Project/Configuration/pp_proj.ini"
Success: Loading usralgo.ko
Success: Loading RT Address of mainILC
Success: Loading RT Address of CfromScript
Success: Loading RT Address of CaptCompISR
LoadRTUserCode() Delta Time (sec) = 0.630203
Including Project File: /var/ftp/usrflash/Project/Configuration/pp_disable.txt 
Including Project File: /var/ftp/usrflash/Project/PMAC Script Language/Global Includes/global definitions.pmh 
Including Project File: /var/ftp/usrflash/Project/PMAC Script Language/Libraries/subprog1.pmc 
Including Project File: /var/ftp/usrflash/Project/PMAC Script Language/Motion Programs/prog1.pmc 
Including Project File: /var/ftp/usrflash/Project/PMAC Script Language/PLC Programs/plc1.plc 
Including Project File: /var/ftp/usrflash/Project/Configuration/pp_startup.txt 
Status: Pass 1 Create debug file, #defines, *.h & .sym files, Time (sec) = 0.026459
Status: Pass 2 Verify prog calls, local stack & labels, Time (sec)  = 0.001281
8 Project Symbols were created for gpascii -2 communication
Status: Create PPMAC Symbol Table & Run CPP Time (sec) = 0.191284
Status: Successful load of preprocessed File: "/var/ftp/usrflash/Temp/pp_proj.pma"
Status: Download to PPMAC Command Processor, Time (sec) = 0.001655
Status: Final pp_proj.h & Run Background C Apps, Time (sec) = 0.160600
Project Preprocessing & Load Total Time (sec) = 1.014859
[PMAC_PROJECT]
Start of Project Loading using INI File: "/var/ftp/usrflash/Project/Configuration/pp_proj.ini"
Including Project File: /var/ftp/usrflash/Project/Configuration/pp_disable.txt 
Including Project File: /var/ftp/usrflash/Project/PMAC Script Language/Global Includes/global definitions.pmh 
Including Project File: /var/ftp/usrflash/Project/PMAC Script Language/Libraries/subprog1.pmc 
Including Project File: /var/ftp/usrflash/Project/PMAC Script Language/Motion Programs/prog1.pmc 
Including Project File: /var/ftp/usrflash/Project/PMAC Script Language/PLC Programs/plc1.plc 
Including Project File: /var/ftp/usrflash/Project/Configuration/pp_startup.txt 
[PMAC_PROJECT]
Start of Project Loading using INI File: "/var/ftp/usrflash/Project/Configuration/pp_proj.ini"
Success: Loading usralgo.ko
Success: Loading RT Address of mainILC
Success: Loading RT Address of CfromScript
Success: Loading RT Address of CaptCompISR
LoadRTUserCode() Delta Time (sec) = 0.775611
Including Project File: /var/ftp/usrflash/Project/Configuration/pp_disable.txt 
Including Project File: /var/ftp/usrflash/Project/PMAC Script Language/Global Includes/global definitions.pmh 
Including Project File: /var/ftp/usrflash/Project/PMAC Script Language/Libraries/subprog1.pmc 
Including Project File: /var/ftp/usrflash/Project/PMAC Script Language/Motion Programs/prog1.pmc 
Including Project File: /var/ftp/usrflash/Project/PMAC Script Language/PLC Programs/plc1.plc 
Including Project File: /var/ftp/usrflash/Project/Configuration/pp_startup.txt 
Status: Pass 1 Create debug file, #defines, *.h & .sym files, Time (sec) = 0.030944
Status: Pass 2 Verify prog calls, local stack & labels, Time (sec)  = 0.001398
8 Project Symbols were created for gpascii -2 communication
Status: Create PPMAC Symbol Table & Run CPP Time (sec) = 0.235713
Status: Successful load of preprocessed File: "/var/ftp/usrflash/Temp/pp_proj.pma"
Status: Download to PPMAC Command Processor, Time (sec) = 0.001228
Status: Final pp_proj.h & Run Background C Apps, Time (sec) = 0.191906
Project Preprocessing & Load Total Time (sec) = 1.237074
[PMAC_PROJECT]
Start of Project Loading using INI File: "/var/ftp/usrflash/Project/Configuration/pp_proj.ini"
Including Project File: /var/ftp/usrflash/Project/Configuration/pp_disable.txt 
Including Project File: /var/ftp/usrflash/Project/PMAC Script Language/Global Includes/global definitions.pmh 
Including Project File: /var/ftp/usrflash/Project/PMAC Script Language/Libraries/subprog1.pmc 
Including Project File: /var/ftp/usrflash/Project/PMAC Script Language/Motion Programs/prog1.pmc 
Including Project File: /var/ftp/usrflash/Project/PMAC Script Language/PLC Programs/plc1.plc 
Including Project File: /var/ftp/usrflash/Project/Configuration/pp_startup.txt 
[PMAC_PROJECT]
Start of Project Loading using INI File: "/var/ftp/usrflash/Project/Configuration/pp_proj.ini"
Success: Loading usralgo.ko
Success: Loading RT Address of mainILC
Success: Loading RT Address of CfromScript
Success: Loading RT Address of CaptCompISR
LoadRTUserCode() Delta Time (sec) = 0.636387
Including Project File: /var/ftp/usrflash/Project/Configuration/pp_disable.txt 
Including Project File: /var/ftp/usrflash/Project/PMAC Script Language/Global Includes/global definitions.pmh 
Including Project File: /var/ftp/usrflash/Project/PMAC Script Language/Libraries/subprog1.pmc 
Including Project File: /var/ftp/usrflash/Project/PMAC Script Language/Motion Programs/prog1.pmc 
Including Project File: /var/ftp/usrflash/Project/PMAC Script Language/PLC Programs/plc1.plc 
Including Project File: /var/ftp/usrflash/Project/Configuration/pp_startup.txt 
Status: Pass 1 Create debug file, #defines, *.h & .sym files, Time (sec) = 0.023164
Status: Pass 2 Verify prog calls, local stack & labels, Time (sec)  = 0.003755
8 Project Symbols were created for gpascii -2 communication
Status: Create PPMAC Symbol Table & Run CPP Time (sec) = 0.191285
Status: Successful load of preprocessed File: "/var/ftp/usrflash/Temp/pp_proj.pma"
Status: Download to PPMAC Command Processor, Time (sec) = 0.001224
Status: Final pp_proj.h & Run Background C Apps, Time (sec) = 0.159919
Project Preprocessing & Load Total Time (sec) = 1.016507
[PMAC_PROJECT]
Start of Project Loading using INI File: "/var/ftp/usrflash/Project/Configuration/pp_proj.ini"
Including Project File: /var/ftp/usrflash/Project/Configuration/pp_disable.txt 
Including Project File: /var/ftp/usrflash/Project/PMAC Script Language/Global Includes/global definitions.pmh 
Including Project File: /var/ftp/usrflash/Project/PMAC Script Language/Libraries/subprog1.pmc 
Including Project File: /var/ftp/usrflash/Project/PMAC Script Language/Motion Programs/prog1.pmc 
Including Project File: /var/ftp/usrflash/Project/PMAC Script Language/PLC Programs/plc1.plc 
Including Project File: /var/ftp/usrflash/Project/Configuration/pp_startup.txt 
[PMAC_PROJECT]
Start of Project Loading using INI File: "/var/ftp/usrflash/Project/Configuration/pp_proj.ini"
Success: Loading usralgo.ko
Success: Loading RT Address of mainILC
Success: Loading RT Address of CfromScript
Success: Loading RT Address of CaptCompISR
LoadRTUserCode() Delta Time (sec) = 0.635254
Including Project File: /var/ftp/usrflash/Project/Configuration/pp_disable.txt 
Including Project File: /var/ftp/usrflash/Project/PMAC Script Language/Global Includes/global definitions.pmh 
Including Project File: /var/ftp/usrflash/Project/PMAC Script Language/Libraries/subprog1.pmc 
Including Project File: /var/ftp/usrflash/Project/PMAC Script Language/Motion Programs/prog1.pmc 
Including Project File: /var/ftp/usrflash/Project/PMAC Script Language/PLC Programs/plc1.plc 
Including Project File: /var/ftp/usrflash/Project/Configuration/pp_startup.txt 
Status: Pass 1 Create debug file, #defines, *.h & .sym files, Time (sec) = 0.023462
Status: Pass 2 Verify prog calls, local stack & labels, Time (sec)  = 0.001273
8 Project Symbols were created for gpascii -2 communication
Status: Create PPMAC Symbol Table & Run CPP Time (sec) = 0.187167
Status: Successful load of preprocessed File: "/var/ftp/usrflash/Temp/pp_proj.pma"
Status: Download to PPMAC Command Processor, Time (sec) = 0.001903
Status: Final pp_proj.h & Run Background C Apps, Time (sec) = 0.166491
Project Preprocessing & Load Total Time (sec) = 1.016410
[PMAC_PROJECT]
Start of Project Loading using INI File: "/var/ftp/usrflash/Project/Configuration/pp_proj.ini"
Including Project File: /var/ftp/usrflash/Project/Configuration/pp_disable.txt 
Including Project File: /var/ftp/usrflash/Project/PMAC Script Language/Global Includes/global definitions.pmh 
Including Project File: /var/ftp/usrflash/Project/PMAC Script Language/Libraries/subprog1.pmc 
Including Project File: /var/ftp/usrflash/Project/PMAC Script Language/Motion Programs/prog1.pmc 
Including Project File: /var/ftp/usrflash/Project/PMAC Script Language/PLC Programs/plc1.plc 
Including Project File: /var/ftp/usrflash/Project/Configuration/pp_startup.txt 
[PMAC_PROJECT]
Start of Project Loading using INI File: "/var/ftp/usrflash/Project/Configuration/pp_proj.ini"
Success: Loading usralgo.ko
Success: Loading RT Address of mainILC
Success: Loading RT Address of CfromScript
Success: Loading RT Address of CaptCompISR
LoadRTUserCode() Delta Time (sec) = 0.472691
Including Project File: /var/ftp/usrflash/Project/Configuration/pp_disable.txt 
Including Project File: /var/ftp/usrflash/Project/PMAC Script Language/Global Includes/global definitions.pmh 
Including Project File: /var/ftp/usrflash/Project/PMAC Script Language/Libraries/subprog1.pmc 
Including Project File: /var/ftp/usrflash/Project/PMAC Script Language/Motion Programs/prog1.pmc 
Including Project File: /var/ftp/usrflash/Project/PMAC Script Language/PLC Programs/plc1.plc 
Including Project File: /var/ftp/usrflash/Project/Configuration/pp_startup.txt 
Status: Pass 1 Create debug file, #defines, *.h & .sym files, Time (sec) = 0.018633
Status: Pass 2 Verify prog calls, local stack & labels, Time (sec)  = 0.001146
8 Project Symbols were created for gpascii -2 communication
Status: Create PPMAC Symbol Table & Run CPP Time (sec) = 0.154146
Status: Successful load of preprocessed File: "/var/ftp/usrflash/Temp/pp_proj.pma"
Status: Download to PPMAC Command Processor, Time (sec) = 0.001195
Status: Final pp_proj.h & Run Background C Apps, Time (sec) = 0.146882
Project Preprocessing & Load Total Time (sec) = 0.795400
[PMAC_PROJECT]
Start of Project Loading using INI File: "/var/ftp/usrflash/Project/Configuration/pp_proj.ini"
Including Project File: /var/ftp/usrflash/Project/Configuration/pp_disable.txt 
Including Project File: /var/ftp/usrflash/Project/PMAC Script Language/Global Includes/global definitions.pmh 
Including Project File: /var/ftp/usrflash/Project/PMAC Script Language/Libraries/subprog1.pmc 
Including Project File: /var/ftp/usrflash/Project/PMAC Script Language/Motion Programs/prog1.pmc 
Including Project File: /var/ftp/usrflash/Project/PMAC Script Language/PLC Programs/plc1.plc 
Including Project File: /var/ftp/usrflash/Project/Configuration/pp_startup.txt 
[PMAC_PROJECT]
Start of Project Loading using INI File: "/var/ftp/usrflash/Project/Configuration/pp_proj.ini"
Success: Loading usralgo.ko
Success: Loading RT Address of mainILC
Success: Loading RT Address of CfromScript
Success: Loading RT Address of CaptCompISR
LoadRTUserCode() Delta Time (sec) = 0.478924
Including Project File: /var/ftp/usrflash/Project/Configuration/pp_disable.txt 
Including Project File: /var/ftp/usrflash/Project/PMAC Script Language/Global Includes/global definitions.pmh 
Including Project File: /var/ftp/usrflash/Project/PMAC Script Language/Libraries/subprog1.pmc 
Including Project File: /var/ftp/usrflash/Project/PMAC Script Language/Motion Programs/prog1.pmc 
Including Project File: /var/ftp/usrflash/Project/PMAC Script Language/PLC Programs/plc1.plc 
Including Project File: /var/ftp/usrflash/Project/Configuration/pp_startup.txt 
Status: Pass 1 Create debug file, #defines, *.h & .sym files, Time (sec) = 0.018735
Status: Pass 2 Verify prog calls, local stack & labels, Time (sec)  = 0.001106
8 Project Symbols were created for gpascii -2 communication
Status: Create PPMAC Symbol Table & Run CPP Time (sec) = 0.156493
Status: Successful load of preprocessed File: "/var/ftp/usrflash/Temp/pp_proj.pma"
Status: Download to PPMAC Command Processor, Time (sec) = 0.001547
Status: Final pp_proj.h & Run Background C Apps, Time (sec) = 0.136845
Project Preprocessing & Load Total Time (sec) = 0.796140
[PMAC_PROJECT]
Start of Project Loading using INI File: "/var/ftp/usrflash/Project/Configuration/pp_proj.ini"
Including Project File: /var/ftp/usrflash/Project/Configuration/pp_disable.txt 
Including Project File: /var/ftp/usrflash/Project/PMAC Script Language/Global Includes/global definitions.pmh 
Including Project File: /var/ftp/usrflash/Project/PMAC Script Language/Libraries/subprog1.pmc 
Including Project File: /var/ftp/usrflash/Project/PMAC Script Language/Motion Programs/prog1.pmc 
Including Project File: /var/ftp/usrflash/Project/PMAC Script Language/PLC Programs/plc1.plc 
Including Project File: /var/ftp/usrflash/Project/Configuration/pp_startup.txt 
[PMAC_PROJECT]
Start of Project Loading using INI File: "/var/ftp/usrflash/Project/Configuration/pp_proj.ini"
Success: Loading usralgo.ko
Success: Loading RT Address of mainILC
Success: Loading RT Address of CfromScript
Success: Loading RT Address of CaptCompISR
LoadRTUserCode() Delta Time (sec) = 0.525323
Including Project File: /var/ftp/usrflash/Project/Configuration/pp_disable.txt 
Including Project File: /var/ftp/usrflash/Project/PMAC Script Language/Global Includes/global definitions.pmh 
Including Project File: /var/ftp/usrflash/Project/PMAC Script Language/Libraries/subprog1.pmc 
Including Project File: /var/ftp/usrflash/Project/PMAC Script Language/Motion Programs/prog1.pmc 
Including Project File: /var/ftp/usrflash/Project/PMAC Script Language/PLC Programs/plc1.plc 
Including Project File: /var/ftp/usrflash/Project/Configuration/pp_startup.txt 
Status: Pass 1 Create debug file, #defines, *.h & .sym files, Time (sec) = 0.022460
Status: Pass 2 Verify prog calls, local stack & labels, Time (sec)  = 0.001043
8 Project Symbols were created for gpascii -2 communication
Status: Create PPMAC Symbol Table & Run CPP Time (sec) = 0.166639
Status: Successful load of preprocessed File: "/var/ftp/usrflash/Temp/pp_proj.pma"
Status: Download to PPMAC Command Processor, Time (sec) = 0.001259
Status: Final pp_proj.h & Run Background C Apps, Time (sec) = 0.137733
Project Preprocessing & Load Total Time (sec) = 0.855228
[PMAC_PROJECT]
Start of Project Loading using INI File: "/var/ftp/usrflash/Project/Configuration/pp_proj.ini"
Including Project File: /var/ftp/usrflash/Project/Configuration/pp_disable.txt 
Including Project File: /var/ftp/usrflash/Project/PMAC Script Language/Global Includes/global definitions.pmh 
Including Project File: /var/ftp/usrflash/Project/PMAC Script Language/Libraries/subprog1.pmc 
Including Project File: /var/ftp/usrflash/Project/PMAC Script Language/Motion Programs/prog1.pmc 
Including Project File: /var/ftp/usrflash/Project/PMAC Script Language/PLC Programs/plc1.plc 
Including Project File: /var/ftp/usrflash/Project/Configuration/pp_startup.txt 
[PMAC_PROJECT]
Start of Project Loading using INI File: "/var/ftp/usrflash/Project/Configuration/pp_proj.ini"
Success: Loading usralgo.ko
Success: Loading RT Address of mainILC
Success: Loading RT Address of CfromScript
Success: Loading RT Address of CaptCompISR
LoadRTUserCode() Delta Time (sec) = 0.624040
Including Project File: /var/ftp/usrflash/Project/Configuration/pp_disable.txt 
Including Project File: /var/ftp/usrflash/Project/PMAC Script Language/Global Includes/global definitions.pmh 
Including Project File: /var/ftp/usrflash/Project/PMAC Script Language/Libraries/subprog1.pmc 
Including Project File: /var/ftp/usrflash/Project/PMAC Script Language/Motion Programs/prog1.pmc 
Including Project File: /var/ftp/usrflash/Project/PMAC Script Language/PLC Programs/plc1.plc 
Including Project File: /var/ftp/usrflash/Project/Configuration/pp_startup.txt 
Status: Pass 1 Create debug file, #defines, *.h & .sym files, Time (sec) = 0.023508
Status: Pass 2 Verify prog calls, local stack & labels, Time (sec)  = 0.001238
8 Project Symbols were created for gpascii -2 communication
Status: Create PPMAC Symbol Table & Run CPP Time (sec) = 0.185042
Status: Successful load of preprocessed File: "/var/ftp/usrflash/Temp/pp_proj.pma"
Status: Download to PPMAC Command Processor, Time (sec) = 0.001200
Status: Final pp_proj.h & Run Background C Apps, Time (sec) = 0.155986
Project Preprocessing & Load Total Time (sec) = 0.991759
[PMAC_PROJECT]
Start of Project Loading using INI File: "/var/ftp/usrflash/Project/Configuration/pp_proj.ini"
Success: Loading usralgo.ko
Success: Loading RT Address of mainILC
Success: Loading RT Address of CfromScript
Success: Loading RT Address of CaptCompISR
LoadRTUserCode() Delta Time (sec) = 0.613540
Including Project File: /var/ftp/usrflash/Project/Configuration/pp_disable.txt 
Including Project File: /var/ftp/usrflash/Project/PMAC Script Language/Global Includes/global definitions.pmh 
Including Project File: /var/ftp/usrflash/Project/PMAC Script Language/Libraries/subprog1.pmc 
Including Project File: /var/ftp/usrflash/Project/PMAC Script Language/Motion Programs/prog1.pmc 
Including Project File: /var/ftp/usrflash/Project/PMAC Script Language/PLC Programs/plc1.plc 
Including Project File: /var/ftp/usrflash/Project/Configuration/pp_startup.txt 
Status: Pass 1 Create debug file, #defines, *.h & .sym files, Time (sec) = 0.025943
Status: Pass 2 Verify prog calls, local stack & labels, Time (sec)  = 0.001200
8 Project Symbols were created for gpascii -2 communication
Status: Create PPMAC Symbol Table & Run CPP Time (sec) = 0.186060
Status: Successful load of preprocessed File: "/var/ftp/usrflash/Temp/pp_proj.pma"
Status: Download to PPMAC Command Processor, Time (sec) = 0.001239
Status: Final pp_proj.h & Run Background C Apps, Time (sec) = 0.054348
Project Preprocessing & Load Total Time (sec) = 0.882588
[PMAC_PROJECT]
Start of Project Loading using INI File: "/var/ftp/usrflash/Project/Configuration/pp_proj.ini"
Success: Loading usralgo.ko
Success: Loading RT Address of mainILC
Success: Loading RT Address of CfromScript
Success: Loading RT Address of CaptCompISR
LoadRTUserCode() Delta Time (sec) = 0.529176
Including Project File: /var/ftp/usrflash/Project/Configuration/pp_disable.txt 
Including Project File: /var/ftp/usrflash/Project/PMAC Script Language/Global Includes/global definitions.pmh 
Including Project File: /var/ftp/usrflash/Project/PMAC Script Language/Libraries/subprog1.pmc 
Including Project File: /var/ftp/usrflash/Project/PMAC Script Language/Motion Programs/prog1.pmc 
Including Project File: /var/ftp/usrflash/Project/PMAC Script Language/PLC Programs/plc1.plc 
Including Project File: /var/ftp/usrflash/Project/Configuration/pp_startup.txt 
Status: Pass 1 Create debug file, #defines, *.h & .sym files, Time (sec) = 0.021104
Status: Pass 2 Verify prog calls, local stack & labels, Time (sec)  = 0.001207
8 Project Symbols were created for gpascii -2 communication
Status: Create PPMAC Symbol Table & Run CPP Time (sec) = 0.160746
Status: Successful load of preprocessed File: "/var/ftp/usrflash/Temp/pp_proj.pma"
Status: Download to PPMAC Command Processor, Time (sec) = 0.001207
Status: Final pp_proj.h & Run Background C Apps, Time (sec) = 0.046816
Project Preprocessing & Load Total Time (sec) = 0.760483
[PMAC_PROJECT]
Start of Project Loading using INI File: "/var/ftp/usrflash/Project/Configuration/pp_proj.ini"
Success: Loading usralgo.ko
Success: Loading RT Address of mainILC
Success: Loading RT Address of CfromScript
Success: Loading RT Address of CaptCompISR
LoadRTUserCode() Delta Time (sec) = 0.619024
Including Project File: /var/ftp/usrflash/Project/Configuration/pp_disable.txt 
Including Project File: /var/ftp/usrflash/Project/PMAC Script Language/Global Includes/global definitions.pmh 
Including Project File: /var/ftp/usrflash/Project/PMAC Script Language/Libraries/subprog1.pmc 
Including Project File: /var/ftp/usrflash/Project/PMAC Script Language/Motion Programs/prog1.pmc 
Including Project File: /var/ftp/usrflash/Project/PMAC Script Language/PLC Programs/plc1.plc 
Including Project File: /var/ftp/usrflash/Project/Configuration/pp_startup.txt 
Status: Pass 1 Create debug file, #defines, *.h & .sym files, Time (sec) = 0.025536
Status: Pass 2 Verify prog calls, local stack & labels, Time (sec)  = 0.001229
8 Project Symbols were created for gpascii -2 communication
Status: Create PPMAC Symbol Table & Run CPP Time (sec) = 0.187922
Status: Successful load of preprocessed File: "/var/ftp/usrflash/Temp/pp_proj.pma"
Status: Download to PPMAC Command Processor, Time (sec) = 0.001666
Status: Final pp_proj.h & Run Background C Apps, Time (sec) = 0.057101
Project Preprocessing & Load Total Time (sec) = 0.893081
[PMAC_PROJECT]
Start of Project Loading using INI File: "/var/ftp/usrflash/Project/Configuration/pp_proj.ini"
Including Project File: /var/ftp/usrflash/Project/Configuration/pp_disable.txt 
Including Project File: /var/ftp/usrflash/Project/PMAC Script Language/Global Includes/global definitions.pmh 
Including Project File: /var/ftp/usrflash/Project/PMAC Script Language/Libraries/subprog1.pmc 
Including Project File: /var/ftp/usrflash/Project/PMAC Script Language/Motion Programs/prog1.pmc 
Including Project File: /var/ftp/usrflash/Project/PMAC Script Language/PLC Programs/plc1.plc 
Including Project File: /var/ftp/usrflash/Project/Configuration/pp_startup.txt 
[PMAC_PROJECT]
Start of Project Loading using INI File: "/var/ftp/usrflash/Project/Configuration/pp_proj.ini"
Success: Loading usralgo.ko
Success: Loading RT Address of mainILC
Success: Loading RT Address of CfromScript
Success: Loading RT Address of CaptCompISR
LoadRTUserCode() Delta Time (sec) = 0.585989
Including Project File: /var/ftp/usrflash/Project/Configuration/pp_disable.txt 
Including Project File: /var/ftp/usrflash/Project/PMAC Script Language/Global Includes/global definitions.pmh 
Including Project File: /var/ftp/usrflash/Project/PMAC Script Language/Libraries/subprog1.pmc 
Including Project File: /var/ftp/usrflash/Project/PMAC Script Language/Motion Programs/prog1.pmc 
Including Project File: /var/ftp/usrflash/Project/PMAC Script Language/PLC Programs/plc1.plc 
Including Project File: /var/ftp/usrflash/Project/Configuration/pp_startup.txt 
Status: Pass 1 Create debug file, #defines, *.h & .sym files, Time (sec) = 0.026646
Status: Pass 2 Verify prog calls, local stack & labels, Time (sec)  = 0.001429
9 Project Symbols were created for gpascii -2 communication
Status: Create PPMAC Symbol Table & Run CPP Time (sec) = 0.191151
Status: Successful load of preprocessed File: "/var/ftp/usrflash/Temp/pp_proj.pma"
Status: Download to PPMAC Command Processor, Time (sec) = 0.001189
Status: Final pp_proj.h & Run Background C Apps, Time (sec) = 0.153216
Project Preprocessing & Load Total Time (sec) = 0.960297
[PMAC_PROJECT]
Start of Project Loading using INI File: "/var/ftp/usrflash/Project/Configuration/pp_proj.ini"
Including Project File: /var/ftp/usrflash/Project/Configuration/pp_disable.txt 
Including Project File: /var/ftp/usrflash/Project/PMAC Script Language/Global Includes/global definitions.pmh 
Including Project File: /var/ftp/usrflash/Project/PMAC Script Language/Libraries/subprog1.pmc 
Including Project File: /var/ftp/usrflash/Project/PMAC Script Language/Motion Programs/prog1.pmc 
Including Project File: /var/ftp/usrflash/Project/PMAC Script Language/PLC Programs/plc1.plc 
Including Project File: /var/ftp/usrflash/Project/Configuration/pp_startup.txt 
[PMAC_PROJECT]
Start of Project Loading using INI File: "/var/ftp/usrflash/Project/Configuration/pp_proj.ini"
Success: Loading usralgo.ko
Success: Loading RT Address of mainILC
Success: Loading RT Address of CfromScript
Success: Loading RT Address of CaptCompISR
LoadRTUserCode() Delta Time (sec) = 0.564829
Including Project File: /var/ftp/usrflash/Project/Configuration/pp_disable.txt 
Including Project File: /var/ftp/usrflash/Project/PMAC Script Language/Global Includes/global definitions.pmh 
Including Project File: /var/ftp/usrflash/Project/PMAC Script Language/Libraries/subprog1.pmc 
Including Project File: /var/ftp/usrflash/Project/PMAC Script Language/Motion Programs/prog1.pmc 
Including Project File: /var/ftp/usrflash/Project/PMAC Script Language/PLC Programs/plc1.plc 
Including Project File: /var/ftp/usrflash/Project/Configuration/pp_startup.txt 
Status: Pass 1 Create debug file, #defines, *.h & .sym files, Time (sec) = 0.025586
Status: Pass 2 Verify prog calls, local stack & labels, Time (sec)  = 0.001279
9 Project Symbols were created for gpascii -2 communication
Status: Create PPMAC Symbol Table & Run CPP Time (sec) = 0.182284
Status: Successful load of preprocessed File: "/var/ftp/usrflash/Temp/pp_proj.pma"
Status: Download to PPMAC Command Processor, Time (sec) = 0.001391
Status: Final pp_proj.h & Run Background C Apps, Time (sec) = 0.158360
Project Preprocessing & Load Total Time (sec) = 0.934510
[PMAC_PROJECT]
Start of Project Loading using INI File: "/var/ftp/usrflash/Project/Configuration/pp_proj.ini"
Including Project File: /var/ftp/usrflash/Project/Configuration/pp_disable.txt 
Including Project File: /var/ftp/usrflash/Project/PMAC Script Language/Global Includes/global definitions.pmh 
Including Project File: /var/ftp/usrflash/Project/PMAC Script Language/Libraries/subprog1.pmc 
Including Project File: /var/ftp/usrflash/Project/PMAC Script Language/Motion Programs/prog1.pmc 
Including Project File: /var/ftp/usrflash/Project/PMAC Script Language/PLC Programs/plc1.plc 
Including Project File: /var/ftp/usrflash/Project/Configuration/pp_startup.txt 
[PMAC_PROJECT]
Start of Project Loading using INI File: "/var/ftp/usrflash/Project/Configuration/pp_proj.ini"
Success: Loading usralgo.ko
Success: Loading RT Address of mainILC
Success: Loading RT Address of CfromScript
Success: Loading RT Address of CaptCompISR
LoadRTUserCode() Delta Time (sec) = 0.532691
Including Project File: /var/ftp/usrflash/Project/Configuration/pp_disable.txt 
Including Project File: /var/ftp/usrflash/Project/PMAC Script Language/Global Includes/global definitions.pmh 
Including Project File: /var/ftp/usrflash/Project/PMAC Script Language/Libraries/subprog1.pmc 
Including Project File: /var/ftp/usrflash/Project/PMAC Script Language/Motion Programs/prog1.pmc 
Including Project File: /var/ftp/usrflash/Project/PMAC Script Language/PLC Programs/plc1.plc 
Including Project File: /var/ftp/usrflash/Project/Configuration/pp_startup.txt 
Status: Pass 1 Create debug file, #defines, *.h & .sym files, Time (sec) = 0.024858
Status: Pass 2 Verify prog calls, local stack & labels, Time (sec)  = 0.004138
9 Project Symbols were created for gpascii -2 communication
Status: Create PPMAC Symbol Table & Run CPP Time (sec) = 0.186725
Status: Successful load of preprocessed File: "/var/ftp/usrflash/Temp/pp_proj.pma"
Status: Download to PPMAC Command Processor, Time (sec) = 0.002275
Status: Final pp_proj.h & Run Background C Apps, Time (sec) = 0.155179
Project Preprocessing & Load Total Time (sec) = 0.906694
[PMAC_PROJECT]
Start of Project Loading using INI File: "/var/ftp/usrflash/Project/Configuration/pp_proj.ini"
Success: Loading usralgo.ko
Success: Loading RT Address of mainILC
Success: Loading RT Address of CfromScript
Success: Loading RT Address of CaptCompISR
LoadRTUserCode() Delta Time (sec) = 0.622830
Including Project File: /var/ftp/usrflash/Project/Configuration/pp_disable.txt 
Including Project File: /var/ftp/usrflash/Project/PMAC Script Language/Global Includes/global definitions.pmh 
Including Project File: /var/ftp/usrflash/Project/PMAC Script Language/Libraries/subprog1.pmc 
Including Project File: /var/ftp/usrflash/Project/PMAC Script Language/Motion Programs/prog1.pmc 
Including Project File: /var/ftp/usrflash/Project/PMAC Script Language/PLC Programs/plc1.plc 
Including Project File: /var/ftp/usrflash/Project/Configuration/pp_startup.txt 
Status: Pass 1 Create debug file, #defines, *.h & .sym files, Time (sec) = 0.026458
Status: Pass 2 Verify prog calls, local stack & labels, Time (sec)  = 0.001451
9 Project Symbols were created for gpascii -2 communication
Status: Create PPMAC Symbol Table & Run CPP Time (sec) = 0.188698
Status: Successful load of preprocessed File: "/var/ftp/usrflash/Temp/pp_proj.pma"
Status: Download to PPMAC Command Processor, Time (sec) = 0.001194
Status: Final pp_proj.h & Run Background C Apps, Time (sec) = 0.055465
Project Preprocessing & Load Total Time (sec) = 0.896622
[PMAC_PROJECT]
Start of Project Loading using INI File: "/var/ftp/usrflash/Project/Configuration/pp_proj.ini"
Success: Loading usralgo.ko
Success: Loading RT Address of mainILC
Success: Loading RT Address of CfromScript
Success: Loading RT Address of CaptCompISR
LoadRTUserCode() Delta Time (sec) = 0.613271
Including Project File: /var/ftp/usrflash/Project/Configuration/pp_disable.txt 
Including Project File: /var/ftp/usrflash/Project/PMAC Script Language/Global Includes/global definitions.pmh 
Including Project File: /var/ftp/usrflash/Project/PMAC Script Language/Libraries/subprog1.pmc 
Including Project File: /var/ftp/usrflash/Project/PMAC Script Language/Motion Programs/prog1.pmc 
Including Project File: /var/ftp/usrflash/Project/PMAC Script Language/PLC Programs/plc1.plc 
Including Project File: /var/ftp/usrflash/Project/Configuration/pp_startup.txt 
Status: Pass 1 Create debug file, #defines, *.h & .sym files, Time (sec) = 0.025969
Status: Pass 2 Verify prog calls, local stack & labels, Time (sec)  = 0.001302
9 Project Symbols were created for gpascii -2 communication
Status: Create PPMAC Symbol Table & Run CPP Time (sec) = 0.191735
Status: Successful load of preprocessed File: "/var/ftp/usrflash/Temp/pp_proj.pma"
Status: Download to PPMAC Command Processor, Time (sec) = 0.001317
Status: Final pp_proj.h & Run Background C Apps, Time (sec) = 0.053981
Project Preprocessing & Load Total Time (sec) = 0.887837
[PMAC_PROJECT]
Start of Project Loading using INI File: "/var/ftp/usrflash/Project/Configuration/pp_proj.ini"
Success: Loading usralgo.ko
Success: Loading RT Address of mainILC
Success: Loading RT Address of CfromScript
Success: Loading RT Address of CaptCompISR
LoadRTUserCode() Delta Time (sec) = 0.528436
Including Project File: /var/ftp/usrflash/Project/Configuration/pp_disable.txt 
Including Project File: /var/ftp/usrflash/Project/PMAC Script Language/Global Includes/global definitions.pmh 
Including Project File: /var/ftp/usrflash/Project/PMAC Script Language/Libraries/subprog1.pmc 
Including Project File: /var/ftp/usrflash/Project/PMAC Script Language/Motion Programs/prog1.pmc 
Including Project File: /var/ftp/usrflash/Project/PMAC Script Language/PLC Programs/plc1.plc 
Including Project File: /var/ftp/usrflash/Project/Configuration/pp_startup.txt 
Status: Pass 1 Create debug file, #defines, *.h & .sym files, Time (sec) = 0.020640
Status: Pass 2 Verify prog calls, local stack & labels, Time (sec)  = 0.001204
9 Project Symbols were created for gpascii -2 communication
Status: Create PPMAC Symbol Table & Run CPP Time (sec) = 0.179377
Status: Successful load of preprocessed File: "/var/ftp/usrflash/Temp/pp_proj.pma"
Status: Download to PPMAC Command Processor, Time (sec) = 0.001207
Status: Final pp_proj.h & Run Background C Apps, Time (sec) = 0.051741
Project Preprocessing & Load Total Time (sec) = 0.782871
[PMAC_PROJECT]
Start of Project Loading using INI File: "/var/ftp/usrflash/Project/Configuration/pp_proj.ini"
Success: Loading usralgo.ko
Success: Loading RT Address of mainILC
Success: Loading RT Address of CfromScript
Success: Loading RT Address of CaptCompISR
LoadRTUserCode() Delta Time (sec) = 0.595844
Including Project File: /var/ftp/usrflash/Project/Configuration/pp_disable.txt 
Including Project File: /var/ftp/usrflash/Project/PMAC Script Language/Global Includes/global definitions.pmh 
Including Project File: /var/ftp/usrflash/Project/PMAC Script Language/Libraries/subprog1.pmc 
Including Project File: /var/ftp/usrflash/Project/PMAC Script Language/Motion Programs/prog1.pmc 
Including Project File: /var/ftp/usrflash/Project/PMAC Script Language/PLC Programs/plc1.plc 
Including Project File: /var/ftp/usrflash/Project/Configuration/pp_startup.txt 
Status: Pass 1 Create debug file, #defines, *.h & .sym files, Time (sec) = 0.026291
Status: Pass 2 Verify prog calls, local stack & labels, Time (sec)  = 0.001443
9 Project Symbols were created for gpascii -2 communication
Status: Create PPMAC Symbol Table & Run CPP Time (sec) = 0.187513
Status: Successful load of preprocessed File: "/var/ftp/usrflash/Temp/pp_proj.pma"
Status: Download to PPMAC Command Processor, Time (sec) = 0.001169
Status: Final pp_proj.h & Run Background C Apps, Time (sec) = 0.054194
Project Preprocessing & Load Total Time (sec) = 0.866794
[PMAC_PROJECT]
Start of Project Loading using INI File: "/var/ftp/usrflash/Project/Configuration/pp_proj.ini"
Including Project File: /var/ftp/usrflash/Project/Configuration/pp_disable.txt 
Including Project File: /var/ftp/usrflash/Project/PMAC Script Language/Global Includes/global definitions.pmh 
Including Project File: /var/ftp/usrflash/Project/PMAC Script Language/Libraries/subprog1.pmc 
Including Project File: /var/ftp/usrflash/Project/PMAC Script Language/Motion Programs/prog1.pmc 
Including Project File: /var/ftp/usrflash/Project/PMAC Script Language/PLC Programs/plc1.plc 
Including Project File: /var/ftp/usrflash/Project/Configuration/pp_startup.txt 
[PMAC_PROJECT]
Start of Project Loading using INI File: "/var/ftp/usrflash/Project/Configuration/pp_proj.ini"
Success: Loading usralgo.ko
Success: Loading RT Address of mainILC
Success: Loading RT Address of CfromScript
Success: Loading RT Address of CaptCompISR
LoadRTUserCode() Delta Time (sec) = 0.791252
Including Project File: /var/ftp/usrflash/Project/Configuration/pp_disable.txt 
Including Project File: /var/ftp/usrflash/Project/PMAC Script Language/Global Includes/global definitions.pmh 
Including Project File: /var/ftp/usrflash/Project/PMAC Script Language/Libraries/subprog1.pmc 
Including Project File: /var/ftp/usrflash/Project/PMAC Script Language/Motion Programs/prog1.pmc 
Including Project File: /var/ftp/usrflash/Project/PMAC Script Language/PLC Programs/plc1.plc 
Including Project File: /var/ftp/usrflash/Project/Configuration/pp_startup.txt 
Status: Pass 1 Create debug file, #defines, *.h & .sym files, Time (sec) = 0.027031
Status: Pass 2 Verify prog calls, local stack & labels, Time (sec)  = 0.001662
9 Project Symbols were created for gpascii -2 communication
Status: Create PPMAC Symbol Table & Run CPP Time (sec) = 0.201470
Status: Successful load of preprocessed File: "/var/ftp/usrflash/Temp/pp_proj.pma"
Status: Download to PPMAC Command Processor, Time (sec) = 0.001623
Status: Final pp_proj.h & Run Background C Apps, Time (sec) = 0.164228
Project Preprocessing & Load Total Time (sec) = 1.187648
[PMAC_PROJECT]
Start of Project Loading using INI File: "/var/ftp/usrflash/Project/Configuration/pp_proj.ini"
Success: Loading usralgo.ko
Success: Loading RT Address of mainILC
Success: Loading RT Address of CfromScript
Success: Loading RT Address of CaptCompISR
LoadRTUserCode() Delta Time (sec) = 0.597533
Including Project File: /var/ftp/usrflash/Project/Configuration/pp_disable.txt 
Including Project File: /var/ftp/usrflash/Project/PMAC Script Language/Global Includes/global definitions.pmh 
Including Project File: /var/ftp/usrflash/Project/PMAC Script Language/Libraries/subprog1.pmc 
Including Project File: /var/ftp/usrflash/Project/PMAC Script Language/Motion Programs/prog1.pmc 
Including Project File: /var/ftp/usrflash/Project/PMAC Script Language/PLC Programs/plc1.plc 
Including Project File: /var/ftp/usrflash/Project/Configuration/pp_startup.txt 
Status: Pass 1 Create debug file, #defines, *.h & .sym files, Time (sec) = 0.023197
Status: Pass 2 Verify prog calls, local stack & labels, Time (sec)  = 0.001254
9 Project Symbols were created for gpascii -2 communication
Status: Create PPMAC Symbol Table & Run CPP Time (sec) = 0.189346
Status: Successful load of preprocessed File: "/var/ftp/usrflash/Temp/pp_proj.pma"
Status: Download to PPMAC Command Processor, Time (sec) = 0.001207
Status: Final pp_proj.h & Run Background C Apps, Time (sec) = 0.054376
Project Preprocessing & Load Total Time (sec) = 0.867168
[PMAC_PROJECT]
Start of Project Loading using INI File: "/var/ftp/usrflash/Project/Configuration/pp_proj.ini"
Success: Loading usralgo.ko
Success: Loading RT Address of mainILC
Success: Loading RT Address of CfromScript
Success: Loading RT Address of CaptCompISR
LoadRTUserCode() Delta Time (sec) = 0.621219
Including Project File: /var/ftp/usrflash/Project/Configuration/pp_disable.txt 
Including Project File: /var/ftp/usrflash/Project/PMAC Script Language/Global Includes/global definitions.pmh 
Including Project File: /var/ftp/usrflash/Project/PMAC Script Language/Libraries/subprog1.pmc 
Including Project File: /var/ftp/usrflash/Project/PMAC Script Language/Motion Programs/prog1.pmc 
Including Project File: /var/ftp/usrflash/Project/PMAC Script Language/PLC Programs/plc1.plc 
Including Project File: /var/ftp/usrflash/Project/Configuration/pp_startup.txt 
Status: Pass 1 Create debug file, #defines, *.h & .sym files, Time (sec) = 0.026665
Status: Pass 2 Verify prog calls, local stack & labels, Time (sec)  = 0.001450
9 Project Symbols were created for gpascii -2 communication
Status: Create PPMAC Symbol Table & Run CPP Time (sec) = 0.184512
Status: Successful load of preprocessed File: "/var/ftp/usrflash/Temp/pp_proj.pma"
Status: Download to PPMAC Command Processor, Time (sec) = 0.001202
Status: Final pp_proj.h & Run Background C Apps, Time (sec) = 0.054006
Project Preprocessing & Load Total Time (sec) = 0.889280
