[PMAC_PROJECT]
Start of Project Loading using INI File: "/var/ftp/usrflash/Project/Configuration/pp_proj.ini"
Including Project File: /var/ftp/usrflash/Project/Configuration/pp_disable.txt 
Including Project File: /var/ftp/usrflash/Project/PMAC Script Language/Global Includes/global definitions.pmh 
Including Project File: /var/ftp/usrflash/Project/PMAC Script Language/Libraries/subprog1.pmc 
Including Project File: /var/ftp/usrflash/Project/PMAC Script Language/Motion Programs/prog1.pmc 
Including Project File: /var/ftp/usrflash/Project/PMAC Script Language/PLC Programs/plc1.plc 
Including Project File: /var/ftp/usrflash/Project/Configuration/pp_startup.txt 
[PMAC_PROJECT]
Start of Project Loading using INI File: "/var/ftp/usrflash/Project/Configuration/pp_proj.ini"
Success: Loading usralgo.ko
Success: Loading RT Address of ILC_Main
Success: Loading RT Address of CfromScript
Success: Loading RT Address of CaptCompISR
LoadRTUserCode() Delta Time (sec) = 0.480762
Including Project File: /var/ftp/usrflash/Project/Configuration/pp_disable.txt 
Including Project File: /var/ftp/usrflash/Project/PMAC Script Language/Global Includes/global definitions.pmh 
Including Project File: /var/ftp/usrflash/Project/PMAC Script Language/Libraries/subprog1.pmc 
Including Project File: /var/ftp/usrflash/Project/PMAC Script Language/Motion Programs/prog1.pmc 
Including Project File: /var/ftp/usrflash/Project/PMAC Script Language/PLC Programs/plc1.plc 
Including Project File: /var/ftp/usrflash/Project/Configuration/pp_startup.txt 
Status: Pass 1 Create debug file, #defines, *.h & .sym files, Time (sec) = 0.018578
Status: Pass 2 Verify prog calls, local stack & labels, Time (sec)  = 0.001021
0 Project Symbols were created for gpascii -2 communication
Status: Create PPMAC Symbol Table & Run CPP Time (sec) = 0.167713
Status: Successful load of preprocessed File: "/var/ftp/usrflash/Temp/pp_proj.pma"
Status: Download to PPMAC Command Processor, Time (sec) = 0.000771
Status: Final pp_proj.h & Run Background C Apps, Time (sec) = 0.140286
Project Preprocessing & Load Total Time (sec) = 0.810092
[PMAC_PROJECT]
Start of Project Loading using INI File: "/var/ftp/usrflash/Project/Configuration/pp_proj.ini"
Including Project File: /var/ftp/usrflash/Project/Configuration/pp_disable.txt 
Including Project File: /var/ftp/usrflash/Project/PMAC Script Language/Global Includes/global definitions.pmh 
Including Project File: /var/ftp/usrflash/Project/PMAC Script Language/Libraries/subprog1.pmc 
Including Project File: /var/ftp/usrflash/Project/PMAC Script Language/Motion Programs/prog1.pmc 
Including Project File: /var/ftp/usrflash/Project/PMAC Script Language/PLC Programs/plc1.plc 
Including Project File: /var/ftp/usrflash/Project/Configuration/pp_startup.txt 
[PMAC_PROJECT]
Start of Project Loading using INI File: "/var/ftp/usrflash/Project/Configuration/pp_proj.ini"
Success: Loading usralgo.ko
Success: Loading RT Address of ILC_Main
Success: Loading RT Address of CfromScript
Success: Loading RT Address of CaptCompISR
LoadRTUserCode() Delta Time (sec) = 0.577605
Including Project File: /var/ftp/usrflash/Project/Configuration/pp_disable.txt 
Including Project File: /var/ftp/usrflash/Project/PMAC Script Language/Global Includes/global definitions.pmh 
Including Project File: /var/ftp/usrflash/Project/PMAC Script Language/Libraries/subprog1.pmc 
Including Project File: /var/ftp/usrflash/Project/PMAC Script Language/Motion Programs/prog1.pmc 
Including Project File: /var/ftp/usrflash/Project/PMAC Script Language/PLC Programs/plc1.plc 
Including Project File: /var/ftp/usrflash/Project/Configuration/pp_startup.txt 
Status: Pass 1 Create debug file, #defines, *.h & .sym files, Time (sec) = 0.020672
Status: Pass 2 Verify prog calls, local stack & labels, Time (sec)  = 0.001149
0 Project Symbols were created for gpascii -2 communication
Status: Create PPMAC Symbol Table & Run CPP Time (sec) = 0.183844
Status: Successful load of preprocessed File: "/var/ftp/usrflash/Temp/pp_proj.pma"
Status: Download to PPMAC Command Processor, Time (sec) = 0.000700
Status: Final pp_proj.h & Run Background C Apps, Time (sec) = 0.155182
Project Preprocessing & Load Total Time (sec) = 0.939993
[PMAC_PROJECT]
Start of Project Loading using INI File: "/var/ftp/usrflash/Project/Configuration/pp_proj.ini"
Including Project File: /var/ftp/usrflash/Project/Configuration/pp_disable.txt 
Including Project File: /var/ftp/usrflash/Project/PMAC Script Language/Global Includes/global definitions.pmh 
Including Project File: /var/ftp/usrflash/Project/PMAC Script Language/Libraries/subprog1.pmc 
Including Project File: /var/ftp/usrflash/Project/PMAC Script Language/Motion Programs/prog1.pmc 
Including Project File: /var/ftp/usrflash/Project/PMAC Script Language/PLC Programs/plc1.plc 
Including Project File: /var/ftp/usrflash/Project/Configuration/pp_startup.txt 
[PMAC_PROJECT]
Start of Project Loading using INI File: "/var/ftp/usrflash/Project/Configuration/pp_proj.ini"
Success: Loading usralgo.ko
Success: Loading RT Address of ILC_Main
Success: Loading RT Address of CfromScript
Success: Loading RT Address of CaptCompISR
LoadRTUserCode() Delta Time (sec) = 0.549192
Including Project File: /var/ftp/usrflash/Project/Configuration/pp_disable.txt 
Including Project File: /var/ftp/usrflash/Project/PMAC Script Language/Global Includes/global definitions.pmh 
Including Project File: /var/ftp/usrflash/Project/PMAC Script Language/Libraries/subprog1.pmc 
Including Project File: /var/ftp/usrflash/Project/PMAC Script Language/Motion Programs/prog1.pmc 
Including Project File: /var/ftp/usrflash/Project/PMAC Script Language/PLC Programs/plc1.plc 
Including Project File: /var/ftp/usrflash/Project/Configuration/pp_startup.txt 
Status: Pass 1 Create debug file, #defines, *.h & .sym files, Time (sec) = 0.020981
Status: Pass 2 Verify prog calls, local stack & labels, Time (sec)  = 0.001110
3 Project Symbols were created for gpascii -2 communication
Status: Create PPMAC Symbol Table & Run CPP Time (sec) = 0.184558
Error: downloading preprocessed File: "/var/ftp/usrflash/Temp/pp_proj.pma"
Status: Download to PPMAC Command Processor, Time (sec) = 0.001136
Project Preprocessing & Load Total Time (sec) = 0.757320
[PMAC_PROJECT]
Start of Project Loading using INI File: "/var/ftp/usrflash/Project/Configuration/pp_proj.ini"
Including Project File: /var/ftp/usrflash/Project/Configuration/pp_disable.txt 
Including Project File: /var/ftp/usrflash/Project/PMAC Script Language/Global Includes/global definitions.pmh 
Including Project File: /var/ftp/usrflash/Project/PMAC Script Language/Libraries/subprog1.pmc 
Including Project File: /var/ftp/usrflash/Project/PMAC Script Language/Motion Programs/prog1.pmc 
Including Project File: /var/ftp/usrflash/Project/PMAC Script Language/PLC Programs/plc1.plc 
Including Project File: /var/ftp/usrflash/Project/Configuration/pp_startup.txt 
[PMAC_PROJECT]
Start of Project Loading using INI File: "/var/ftp/usrflash/Project/Configuration/pp_proj.ini"
Success: Loading usralgo.ko
Success: Loading RT Address of ILC_Main
Success: Loading RT Address of CfromScript
Success: Loading RT Address of CaptCompISR
LoadRTUserCode() Delta Time (sec) = 0.545457
Including Project File: /var/ftp/usrflash/Project/Configuration/pp_disable.txt 
Including Project File: /var/ftp/usrflash/Project/PMAC Script Language/Global Includes/global definitions.pmh 
Including Project File: /var/ftp/usrflash/Project/PMAC Script Language/Libraries/subprog1.pmc 
Including Project File: /var/ftp/usrflash/Project/PMAC Script Language/Motion Programs/prog1.pmc 
Including Project File: /var/ftp/usrflash/Project/PMAC Script Language/PLC Programs/plc1.plc 
Including Project File: /var/ftp/usrflash/Project/Configuration/pp_startup.txt 
Status: Pass 1 Create debug file, #defines, *.h & .sym files, Time (sec) = 0.020882
Status: Pass 2 Verify prog calls, local stack & labels, Time (sec)  = 0.001155
3 Project Symbols were created for gpascii -2 communication
Status: Create PPMAC Symbol Table & Run CPP Time (sec) = 0.184423
Error: downloading preprocessed File: "/var/ftp/usrflash/Temp/pp_proj.pma"
Status: Download to PPMAC Command Processor, Time (sec) = 0.000845
Project Preprocessing & Load Total Time (sec) = 0.753187
[PMAC_PROJECT]
Start of Project Loading using INI File: "/var/ftp/usrflash/Project/Configuration/pp_proj.ini"
Including Project File: /var/ftp/usrflash/Project/Configuration/pp_disable.txt 
Including Project File: /var/ftp/usrflash/Project/PMAC Script Language/Global Includes/global definitions.pmh 
Including Project File: /var/ftp/usrflash/Project/PMAC Script Language/Libraries/subprog1.pmc 
Including Project File: /var/ftp/usrflash/Project/PMAC Script Language/Motion Programs/prog1.pmc 
Including Project File: /var/ftp/usrflash/Project/PMAC Script Language/PLC Programs/plc1.plc 
Including Project File: /var/ftp/usrflash/Project/Configuration/pp_startup.txt 
[PMAC_PROJECT]
Start of Project Loading using INI File: "/var/ftp/usrflash/Project/Configuration/pp_proj.ini"
Success: Loading usralgo.ko
Success: Loading RT Address of ILC_Main
Success: Loading RT Address of CfromScript
Success: Loading RT Address of CaptCompISR
LoadRTUserCode() Delta Time (sec) = 0.678820
Including Project File: /var/ftp/usrflash/Project/Configuration/pp_disable.txt 
Including Project File: /var/ftp/usrflash/Project/PMAC Script Language/Global Includes/global definitions.pmh 
Including Project File: /var/ftp/usrflash/Project/PMAC Script Language/Libraries/subprog1.pmc 
Including Project File: /var/ftp/usrflash/Project/PMAC Script Language/Motion Programs/prog1.pmc 
Including Project File: /var/ftp/usrflash/Project/PMAC Script Language/PLC Programs/plc1.plc 
Including Project File: /var/ftp/usrflash/Project/Configuration/pp_startup.txt 
Status: Pass 1 Create debug file, #defines, *.h & .sym files, Time (sec) = 0.023137
Status: Pass 2 Verify prog calls, local stack & labels, Time (sec)  = 0.001163
3 Project Symbols were created for gpascii -2 communication
Status: Create PPMAC Symbol Table & Run CPP Time (sec) = 0.206224
Error: downloading preprocessed File: "/var/ftp/usrflash/Temp/pp_proj.pma"
Status: Download to PPMAC Command Processor, Time (sec) = 0.002681
Project Preprocessing & Load Total Time (sec) = 0.913031
[PMAC_PROJECT]
Start of Project Loading using INI File: "/var/ftp/usrflash/Project/Configuration/pp_proj.ini"
Including Project File: /var/ftp/usrflash/Project/Configuration/pp_disable.txt 
Including Project File: /var/ftp/usrflash/Project/PMAC Script Language/Global Includes/global definitions.pmh 
Including Project File: /var/ftp/usrflash/Project/PMAC Script Language/Libraries/subprog1.pmc 
Including Project File: /var/ftp/usrflash/Project/PMAC Script Language/Motion Programs/prog1.pmc 
Including Project File: /var/ftp/usrflash/Project/PMAC Script Language/PLC Programs/plc1.plc 
Including Project File: /var/ftp/usrflash/Project/Configuration/pp_startup.txt 
[PMAC_PROJECT]
Start of Project Loading using INI File: "/var/ftp/usrflash/Project/Configuration/pp_proj.ini"
Success: Loading usralgo.ko
Success: Loading RT Address of ILC_Main
Success: Loading RT Address of CfromScript
Success: Loading RT Address of CaptCompISR
LoadRTUserCode() Delta Time (sec) = 0.559102
Including Project File: /var/ftp/usrflash/Project/Configuration/pp_disable.txt 
Including Project File: /var/ftp/usrflash/Project/PMAC Script Language/Global Includes/global definitions.pmh 
Including Project File: /var/ftp/usrflash/Project/PMAC Script Language/Libraries/subprog1.pmc 
Including Project File: /var/ftp/usrflash/Project/PMAC Script Language/Motion Programs/prog1.pmc 
Including Project File: /var/ftp/usrflash/Project/PMAC Script Language/PLC Programs/plc1.plc 
Including Project File: /var/ftp/usrflash/Project/Configuration/pp_startup.txt 
Status: Pass 1 Create debug file, #defines, *.h & .sym files, Time (sec) = 0.020163
Status: Pass 2 Verify prog calls, local stack & labels, Time (sec)  = 0.001169
0 Project Symbols were created for gpascii -2 communication
Status: Create PPMAC Symbol Table & Run CPP Time (sec) = 0.171767
Status: Successful load of preprocessed File: "/var/ftp/usrflash/Temp/pp_proj.pma"
Status: Download to PPMAC Command Processor, Time (sec) = 0.000700
Status: Final pp_proj.h & Run Background C Apps, Time (sec) = 0.173730
Project Preprocessing & Load Total Time (sec) = 0.927457
[PMAC_PROJECT]
Start of Project Loading using INI File: "/var/ftp/usrflash/Project/Configuration/pp_proj.ini"
Including Project File: /var/ftp/usrflash/Project/Configuration/pp_disable.txt 
Including Project File: /var/ftp/usrflash/Project/PMAC Script Language/Global Includes/global definitions.pmh 
Including Project File: /var/ftp/usrflash/Project/PMAC Script Language/Libraries/subprog1.pmc 
Including Project File: /var/ftp/usrflash/Project/PMAC Script Language/Motion Programs/prog1.pmc 
Including Project File: /var/ftp/usrflash/Project/PMAC Script Language/PLC Programs/plc1.plc 
Including Project File: /var/ftp/usrflash/Project/Configuration/pp_startup.txt 
Error: loading File: /opt/ppmac/libppmac/pp_enum_hdr.txt
[PMAC_PROJECT]
Start of Project Loading using INI File: "/var/ftp/usrflash/Project/Configuration/pp_proj.ini"
Including Project File: /var/ftp/usrflash/Project/Configuration/pp_disable.txt 
Including Project File: /var/ftp/usrflash/Project/PMAC Script Language/Global Includes/global definitions.pmh 
Including Project File: /var/ftp/usrflash/Project/PMAC Script Language/Libraries/subprog1.pmc 
Including Project File: /var/ftp/usrflash/Project/PMAC Script Language/Motion Programs/prog1.pmc 
Including Project File: /var/ftp/usrflash/Project/PMAC Script Language/PLC Programs/plc1.plc 
Including Project File: /var/ftp/usrflash/Project/Configuration/pp_startup.txt 
[PMAC_PROJECT]
Start of Project Loading using INI File: "/var/ftp/usrflash/Project/Configuration/pp_proj.ini"
Including Project File: /var/ftp/usrflash/Project/Configuration/pp_disable.txt 
Including Project File: /var/ftp/usrflash/Project/PMAC Script Language/Global Includes/global definitions.pmh 
Including Project File: /var/ftp/usrflash/Project/PMAC Script Language/Libraries/subprog1.pmc 
Including Project File: /var/ftp/usrflash/Project/PMAC Script Language/Motion Programs/prog1.pmc 
Including Project File: /var/ftp/usrflash/Project/PMAC Script Language/PLC Programs/plc1.plc 
Including Project File: /var/ftp/usrflash/Project/Configuration/pp_startup.txt 
[PMAC_PROJECT]
Start of Project Loading using INI File: "/var/ftp/usrflash/Project/Configuration/pp_proj.ini"
Including Project File: /var/ftp/usrflash/Project/Configuration/pp_disable.txt 
Including Project File: /var/ftp/usrflash/Project/PMAC Script Language/Global Includes/global definitions.pmh 
Including Project File: /var/ftp/usrflash/Project/PMAC Script Language/Libraries/subprog1.pmc 
Including Project File: /var/ftp/usrflash/Project/PMAC Script Language/Motion Programs/prog1.pmc 
Including Project File: /var/ftp/usrflash/Project/PMAC Script Language/PLC Programs/plc1.plc 
Including Project File: /var/ftp/usrflash/Project/Configuration/pp_startup.txt 
[PMAC_PROJECT]
Start of Project Loading using INI File: "/var/ftp/usrflash/Project/Configuration/pp_proj.ini"
Success: Loading usralgo.ko
Success: Loading RT Address of ILC_Main
Success: Loading RT Address of CfromScript
Success: Loading RT Address of CaptCompISR
LoadRTUserCode() Delta Time (sec) = 0.542579
Including Project File: /var/ftp/usrflash/Project/Configuration/pp_disable.txt 
Including Project File: /var/ftp/usrflash/Project/PMAC Script Language/Global Includes/global definitions.pmh 
Including Project File: /var/ftp/usrflash/Project/PMAC Script Language/Libraries/subprog1.pmc 
Including Project File: /var/ftp/usrflash/Project/PMAC Script Language/Motion Programs/prog1.pmc 
Including Project File: /var/ftp/usrflash/Project/PMAC Script Language/PLC Programs/plc1.plc 
Including Project File: /var/ftp/usrflash/Project/Configuration/pp_startup.txt 
Status: Pass 1 Create debug file, #defines, *.h & .sym files, Time (sec) = 0.021869
Status: Pass 2 Verify prog calls, local stack & labels, Time (sec)  = 0.001096
2 Project Symbols were created for gpascii -2 communication
Status: Create PPMAC Symbol Table & Run CPP Time (sec) = 0.167753
Status: Successful load of preprocessed File: "/var/ftp/usrflash/Temp/pp_proj.pma"
Status: Download to PPMAC Command Processor, Time (sec) = 0.003242
Status: Final pp_proj.h & Run Background C Apps, Time (sec) = 0.143259
Project Preprocessing & Load Total Time (sec) = 0.880628
[PMAC_PROJECT]
Start of Project Loading using INI File: "/var/ftp/usrflash/Project/Configuration/pp_proj.ini"
Including Project File: /var/ftp/usrflash/Project/Configuration/pp_disable.txt 
Including Project File: /var/ftp/usrflash/Project/PMAC Script Language/Global Includes/global definitions.pmh 
Including Project File: /var/ftp/usrflash/Project/PMAC Script Language/Libraries/subprog1.pmc 
Including Project File: /var/ftp/usrflash/Project/PMAC Script Language/Motion Programs/prog1.pmc 
Including Project File: /var/ftp/usrflash/Project/PMAC Script Language/PLC Programs/plc1.plc 
Including Project File: /var/ftp/usrflash/Project/Configuration/pp_startup.txt 
[PMAC_PROJECT]
Start of Project Loading using INI File: "/var/ftp/usrflash/Project/Configuration/pp_proj.ini"
Success: Loading usralgo.ko
Success: Loading RT Address of ILC_Main
Success: Loading RT Address of CfromScript
Success: Loading RT Address of CaptCompISR
LoadRTUserCode() Delta Time (sec) = 0.551329
Including Project File: /var/ftp/usrflash/Project/Configuration/pp_disable.txt 
Including Project File: /var/ftp/usrflash/Project/PMAC Script Language/Global Includes/global definitions.pmh 
Including Project File: /var/ftp/usrflash/Project/PMAC Script Language/Libraries/subprog1.pmc 
Including Project File: /var/ftp/usrflash/Project/PMAC Script Language/Motion Programs/prog1.pmc 
Including Project File: /var/ftp/usrflash/Project/PMAC Script Language/PLC Programs/plc1.plc 
Including Project File: /var/ftp/usrflash/Project/Configuration/pp_startup.txt 
Status: Pass 1 Create debug file, #defines, *.h & .sym files, Time (sec) = 0.021660
Status: Pass 2 Verify prog calls, local stack & labels, Time (sec)  = 0.001047
2 Project Symbols were created for gpascii -2 communication
Status: Create PPMAC Symbol Table & Run CPP Time (sec) = 0.191859
Status: Successful load of preprocessed File: "/var/ftp/usrflash/Temp/pp_proj.pma"
Status: Download to PPMAC Command Processor, Time (sec) = 0.003934
Status: Final pp_proj.h & Run Background C Apps, Time (sec) = 0.163187
Project Preprocessing & Load Total Time (sec) = 0.933867
[PMAC_PROJECT]
Start of Project Loading using INI File: "/var/ftp/usrflash/Project/Configuration/pp_proj.ini"
Including Project File: /var/ftp/usrflash/Project/Configuration/pp_disable.txt 
Including Project File: /var/ftp/usrflash/Project/PMAC Script Language/Global Includes/global definitions.pmh 
Including Project File: /var/ftp/usrflash/Project/PMAC Script Language/Libraries/subprog1.pmc 
Including Project File: /var/ftp/usrflash/Project/PMAC Script Language/Motion Programs/prog1.pmc 
Including Project File: /var/ftp/usrflash/Project/PMAC Script Language/PLC Programs/plc1.plc 
Including Project File: /var/ftp/usrflash/Project/Configuration/pp_startup.txt 
[PMAC_PROJECT]
Start of Project Loading using INI File: "/var/ftp/usrflash/Project/Configuration/pp_proj.ini"
Including Project File: /var/ftp/usrflash/Project/Configuration/pp_disable.txt 
Including Project File: /var/ftp/usrflash/Project/PMAC Script Language/Global Includes/global definitions.pmh 
Including Project File: /var/ftp/usrflash/Project/PMAC Script Language/Libraries/subprog1.pmc 
Including Project File: /var/ftp/usrflash/Project/PMAC Script Language/Motion Programs/prog1.pmc 
Including Project File: /var/ftp/usrflash/Project/PMAC Script Language/PLC Programs/plc1.plc 
Including Project File: /var/ftp/usrflash/Project/Configuration/pp_startup.txt 
[PMAC_PROJECT]
Start of Project Loading using INI File: "/var/ftp/usrflash/Project/Configuration/pp_proj.ini"
Success: Loading usralgo.ko
Success: Loading RT Address of ILC_Main
Success: Loading RT Address of CfromScript
Success: Loading RT Address of CaptCompISR
LoadRTUserCode() Delta Time (sec) = 0.664559
Including Project File: /var/ftp/usrflash/Project/Configuration/pp_disable.txt 
Including Project File: /var/ftp/usrflash/Project/PMAC Script Language/Global Includes/global definitions.pmh 
Including Project File: /var/ftp/usrflash/Project/PMAC Script Language/Libraries/subprog1.pmc 
Including Project File: /var/ftp/usrflash/Project/PMAC Script Language/Motion Programs/prog1.pmc 
Including Project File: /var/ftp/usrflash/Project/PMAC Script Language/PLC Programs/plc1.plc 
Including Project File: /var/ftp/usrflash/Project/Configuration/pp_startup.txt 
Status: Pass 1 Create debug file, #defines, *.h & .sym files, Time (sec) = 0.022066
Status: Pass 2 Verify prog calls, local stack & labels, Time (sec)  = 0.001321
2 Project Symbols were created for gpascii -2 communication
Status: Create PPMAC Symbol Table & Run CPP Time (sec) = 0.196192
Status: Successful load of preprocessed File: "/var/ftp/usrflash/Temp/pp_proj.pma"
Status: Download to PPMAC Command Processor, Time (sec) = 0.000841
Status: Final pp_proj.h & Run Background C Apps, Time (sec) = 0.162809
Project Preprocessing & Load Total Time (sec) = 1.048603
[PMAC_PROJECT]
Start of Project Loading using INI File: "/var/ftp/usrflash/Project/Configuration/pp_proj.ini"
Including Project File: /var/ftp/usrflash/Project/Configuration/pp_disable.txt 
Including Project File: /var/ftp/usrflash/Project/PMAC Script Language/Global Includes/global definitions.pmh 
Including Project File: /var/ftp/usrflash/Project/PMAC Script Language/Libraries/subprog1.pmc 
Including Project File: /var/ftp/usrflash/Project/PMAC Script Language/Motion Programs/prog1.pmc 
Including Project File: /var/ftp/usrflash/Project/PMAC Script Language/PLC Programs/plc1.plc 
Including Project File: /var/ftp/usrflash/Project/Configuration/pp_startup.txt 
[PMAC_PROJECT]
Start of Project Loading using INI File: "/var/ftp/usrflash/Project/Configuration/pp_proj.ini"
Success: Loading usralgo.ko
Success: Loading RT Address of ILC_Main
Success: Loading RT Address of CfromScript
Success: Loading RT Address of CaptCompISR
LoadRTUserCode() Delta Time (sec) = 0.652519
Including Project File: /var/ftp/usrflash/Project/Configuration/pp_disable.txt 
Including Project File: /var/ftp/usrflash/Project/PMAC Script Language/Global Includes/global definitions.pmh 
Including Project File: /var/ftp/usrflash/Project/PMAC Script Language/Libraries/subprog1.pmc 
Including Project File: /var/ftp/usrflash/Project/PMAC Script Language/Motion Programs/prog1.pmc 
Including Project File: /var/ftp/usrflash/Project/PMAC Script Language/PLC Programs/plc1.plc 
Including Project File: /var/ftp/usrflash/Project/Configuration/pp_startup.txt 
Status: Pass 1 Create debug file, #defines, *.h & .sym files, Time (sec) = 0.022029
Status: Pass 2 Verify prog calls, local stack & labels, Time (sec)  = 0.003620
2 Project Symbols were created for gpascii -2 communication
Status: Create PPMAC Symbol Table & Run CPP Time (sec) = 0.196026
Status: Successful load of preprocessed File: "/var/ftp/usrflash/Temp/pp_proj.pma"
Status: Download to PPMAC Command Processor, Time (sec) = 0.001638
Status: Final pp_proj.h & Run Background C Apps, Time (sec) = 0.168642
Project Preprocessing & Load Total Time (sec) = 1.045187
[PMAC_PROJECT]
Start of Project Loading using INI File: "/var/ftp/usrflash/Project/Configuration/pp_proj.ini"
Including Project File: /var/ftp/usrflash/Project/Configuration/pp_disable.txt 
Including Project File: /var/ftp/usrflash/Project/PMAC Script Language/Global Includes/global definitions.pmh 
Including Project File: /var/ftp/usrflash/Project/PMAC Script Language/Libraries/subprog1.pmc 
Including Project File: /var/ftp/usrflash/Project/PMAC Script Language/Motion Programs/prog1.pmc 
Including Project File: /var/ftp/usrflash/Project/PMAC Script Language/PLC Programs/plc1.plc 
Including Project File: /var/ftp/usrflash/Project/Configuration/pp_startup.txt 
[PMAC_PROJECT]
Start of Project Loading using INI File: "/var/ftp/usrflash/Project/Configuration/pp_proj.ini"
Success: Loading usralgo.ko
Success: Loading RT Address of ILC_Main
Success: Loading RT Address of CfromScript
Success: Loading RT Address of CaptCompISR
LoadRTUserCode() Delta Time (sec) = 0.535443
Including Project File: /var/ftp/usrflash/Project/Configuration/pp_disable.txt 
Including Project File: /var/ftp/usrflash/Project/PMAC Script Language/Global Includes/global definitions.pmh 
Including Project File: /var/ftp/usrflash/Project/PMAC Script Language/Libraries/subprog1.pmc 
Including Project File: /var/ftp/usrflash/Project/PMAC Script Language/Motion Programs/prog1.pmc 
Including Project File: /var/ftp/usrflash/Project/PMAC Script Language/PLC Programs/plc1.plc 
Including Project File: /var/ftp/usrflash/Project/Configuration/pp_startup.txt 
Status: Pass 1 Create debug file, #defines, *.h & .sym files, Time (sec) = 0.019454
Status: Pass 2 Verify prog calls, local stack & labels, Time (sec)  = 0.001169
2 Project Symbols were created for gpascii -2 communication
Status: Create PPMAC Symbol Table & Run CPP Time (sec) = 0.160962
Status: Successful load of preprocessed File: "/var/ftp/usrflash/Temp/pp_proj.pma"
Status: Download to PPMAC Command Processor, Time (sec) = 0.000793
Status: Final pp_proj.h & Run Background C Apps, Time (sec) = 0.172544
Project Preprocessing & Load Total Time (sec) = 0.891170
[PMAC_PROJECT]
Start of Project Loading using INI File: "/var/ftp/usrflash/Project/Configuration/pp_proj.ini"
Including Project File: /var/ftp/usrflash/Project/Configuration/pp_disable.txt 
Including Project File: /var/ftp/usrflash/Project/PMAC Script Language/Global Includes/global definitions.pmh 
Including Project File: /var/ftp/usrflash/Project/PMAC Script Language/Libraries/subprog1.pmc 
Including Project File: /var/ftp/usrflash/Project/PMAC Script Language/Motion Programs/prog1.pmc 
Including Project File: /var/ftp/usrflash/Project/PMAC Script Language/PLC Programs/plc1.plc 
Including Project File: /var/ftp/usrflash/Project/Configuration/pp_startup.txt 
[PMAC_PROJECT]
Start of Project Loading using INI File: "/var/ftp/usrflash/Project/Configuration/pp_proj.ini"
Including Project File: /var/ftp/usrflash/Project/Configuration/pp_disable.txt 
Including Project File: /var/ftp/usrflash/Project/PMAC Script Language/Global Includes/global definitions.pmh 
Including Project File: /var/ftp/usrflash/Project/PMAC Script Language/Libraries/subprog1.pmc 
Including Project File: /var/ftp/usrflash/Project/PMAC Script Language/Motion Programs/prog1.pmc 
Including Project File: /var/ftp/usrflash/Project/PMAC Script Language/PLC Programs/plc1.plc 
Including Project File: /var/ftp/usrflash/Project/Configuration/pp_startup.txt 
[PMAC_PROJECT]
Start of Project Loading using INI File: "/var/ftp/usrflash/Project/Configuration/pp_proj.ini"
Including Project File: /var/ftp/usrflash/Project/Configuration/pp_disable.txt 
Including Project File: /var/ftp/usrflash/Project/PMAC Script Language/Global Includes/global definitions.pmh 
Including Project File: /var/ftp/usrflash/Project/PMAC Script Language/Libraries/subprog1.pmc 
Including Project File: /var/ftp/usrflash/Project/PMAC Script Language/Motion Programs/prog1.pmc 
Including Project File: /var/ftp/usrflash/Project/PMAC Script Language/PLC Programs/plc1.plc 
Including Project File: /var/ftp/usrflash/Project/Configuration/pp_startup.txt 
[PMAC_PROJECT]
Start of Project Loading using INI File: "/var/ftp/usrflash/Project/Configuration/pp_proj.ini"
Success: Loading usralgo.ko
Success: Loading RT Address of ILC_Main
Success: Loading RT Address of CfromScript
Success: Loading RT Address of CaptCompISR
LoadRTUserCode() Delta Time (sec) = 0.555218
Including Project File: /var/ftp/usrflash/Project/Configuration/pp_disable.txt 
Including Project File: /var/ftp/usrflash/Project/PMAC Script Language/Global Includes/global definitions.pmh 
Including Project File: /var/ftp/usrflash/Project/PMAC Script Language/Libraries/subprog1.pmc 
Including Project File: /var/ftp/usrflash/Project/PMAC Script Language/Motion Programs/prog1.pmc 
Including Project File: /var/ftp/usrflash/Project/PMAC Script Language/PLC Programs/plc1.plc 
Including Project File: /var/ftp/usrflash/Project/Configuration/pp_startup.txt 
Status: Pass 1 Create debug file, #defines, *.h & .sym files, Time (sec) = 0.024325
Status: Pass 2 Verify prog calls, local stack & labels, Time (sec)  = 0.001125
2 Project Symbols were created for gpascii -2 communication
Status: Create PPMAC Symbol Table & Run CPP Time (sec) = 0.193106
Status: Successful load of preprocessed File: "/var/ftp/usrflash/Temp/pp_proj.pma"
Status: Download to PPMAC Command Processor, Time (sec) = 0.000846
Status: Final pp_proj.h & Run Background C Apps, Time (sec) = 0.167255
Project Preprocessing & Load Total Time (sec) = 0.942652
[PMAC_PROJECT]
Start of Project Loading using INI File: "/var/ftp/usrflash/Project/Configuration/pp_proj.ini"
Including Project File: /var/ftp/usrflash/Project/Configuration/pp_disable.txt 
Including Project File: /var/ftp/usrflash/Project/PMAC Script Language/Global Includes/global definitions.pmh 
Including Project File: /var/ftp/usrflash/Project/PMAC Script Language/Libraries/subprog1.pmc 
Including Project File: /var/ftp/usrflash/Project/PMAC Script Language/Motion Programs/prog1.pmc 
Including Project File: /var/ftp/usrflash/Project/PMAC Script Language/PLC Programs/plc1.plc 
Including Project File: /var/ftp/usrflash/Project/Configuration/pp_startup.txt 
[PMAC_PROJECT]
Start of Project Loading using INI File: "/var/ftp/usrflash/Project/Configuration/pp_proj.ini"
Including Project File: /var/ftp/usrflash/Project/Configuration/pp_disable.txt 
Including Project File: /var/ftp/usrflash/Project/PMAC Script Language/Global Includes/global definitions.pmh 
Including Project File: /var/ftp/usrflash/Project/PMAC Script Language/Libraries/subprog1.pmc 
Including Project File: /var/ftp/usrflash/Project/PMAC Script Language/Motion Programs/prog1.pmc 
Including Project File: /var/ftp/usrflash/Project/PMAC Script Language/PLC Programs/plc1.plc 
Including Project File: /var/ftp/usrflash/Project/Configuration/pp_startup.txt 
[PMAC_PROJECT]
Start of Project Loading using INI File: "/var/ftp/usrflash/Project/Configuration/pp_proj.ini"
Including Project File: /var/ftp/usrflash/Project/Configuration/pp_disable.txt 
Including Project File: /var/ftp/usrflash/Project/PMAC Script Language/Global Includes/global definitions.pmh 
Including Project File: /var/ftp/usrflash/Project/PMAC Script Language/Libraries/subprog1.pmc 
Including Project File: /var/ftp/usrflash/Project/PMAC Script Language/Motion Programs/prog1.pmc 
Including Project File: /var/ftp/usrflash/Project/PMAC Script Language/PLC Programs/plc1.plc 
Including Project File: /var/ftp/usrflash/Project/Configuration/pp_startup.txt 
[PMAC_PROJECT]
Start of Project Loading using INI File: "/var/ftp/usrflash/Project/Configuration/pp_proj.ini"
Including Project File: /var/ftp/usrflash/Project/Configuration/pp_disable.txt 
Including Project File: /var/ftp/usrflash/Project/PMAC Script Language/Global Includes/global definitions.pmh 
Including Project File: /var/ftp/usrflash/Project/PMAC Script Language/Libraries/subprog1.pmc 
Including Project File: /var/ftp/usrflash/Project/PMAC Script Language/Motion Programs/prog1.pmc 
Including Project File: /var/ftp/usrflash/Project/PMAC Script Language/PLC Programs/plc1.plc 
Including Project File: /var/ftp/usrflash/Project/Configuration/pp_startup.txt 
[PMAC_PROJECT]
Start of Project Loading using INI File: "/var/ftp/usrflash/Project/Configuration/pp_proj.ini"
Including Project File: /var/ftp/usrflash/Project/Configuration/pp_disable.txt 
Including Project File: /var/ftp/usrflash/Project/PMAC Script Language/Global Includes/global definitions.pmh 
Including Project File: /var/ftp/usrflash/Project/PMAC Script Language/Libraries/subprog1.pmc 
Including Project File: /var/ftp/usrflash/Project/PMAC Script Language/Motion Programs/prog1.pmc 
Including Project File: /var/ftp/usrflash/Project/PMAC Script Language/PLC Programs/plc1.plc 
Including Project File: /var/ftp/usrflash/Project/Configuration/pp_startup.txt 
[PMAC_PROJECT]
Start of Project Loading using INI File: "/var/ftp/usrflash/Project/Configuration/pp_proj.ini"
Success: Loading usralgo.ko
Success: Loading RT Address of ILC_Main
Success: Loading RT Address of CfromScript
Success: Loading RT Address of CaptCompISR
LoadRTUserCode() Delta Time (sec) = 0.612170
Including Project File: /var/ftp/usrflash/Project/Configuration/pp_disable.txt 
Including Project File: /var/ftp/usrflash/Project/PMAC Script Language/Global Includes/global definitions.pmh 
Including Project File: /var/ftp/usrflash/Project/PMAC Script Language/Libraries/subprog1.pmc 
Including Project File: /var/ftp/usrflash/Project/PMAC Script Language/Motion Programs/prog1.pmc 
Including Project File: /var/ftp/usrflash/Project/PMAC Script Language/PLC Programs/plc1.plc 
Including Project File: /var/ftp/usrflash/Project/Configuration/pp_startup.txt 
Status: Pass 1 Create debug file, #defines, *.h & .sym files, Time (sec) = 0.021859
Status: Pass 2 Verify prog calls, local stack & labels, Time (sec)  = 0.001110
2 Project Symbols were created for gpascii -2 communication
Status: Create PPMAC Symbol Table & Run CPP Time (sec) = 0.195152
Status: Successful load of preprocessed File: "/var/ftp/usrflash/Temp/pp_proj.pma"
Status: Download to PPMAC Command Processor, Time (sec) = 0.001803
Status: Final pp_proj.h & Run Background C Apps, Time (sec) = 0.162032
Project Preprocessing & Load Total Time (sec) = 0.994991
[PMAC_PROJECT]
Start of Project Loading using INI File: "/var/ftp/usrflash/Project/Configuration/pp_proj.ini"
Including Project File: /var/ftp/usrflash/Project/Configuration/pp_disable.txt 
Including Project File: /var/ftp/usrflash/Project/PMAC Script Language/Global Includes/global definitions.pmh 
Including Project File: /var/ftp/usrflash/Project/PMAC Script Language/Libraries/subprog1.pmc 
Including Project File: /var/ftp/usrflash/Project/PMAC Script Language/Motion Programs/prog1.pmc 
Including Project File: /var/ftp/usrflash/Project/PMAC Script Language/PLC Programs/plc1.plc 
Including Project File: /var/ftp/usrflash/Project/Configuration/pp_startup.txt 
[PMAC_PROJECT]
Start of Project Loading using INI File: "/var/ftp/usrflash/Project/Configuration/pp_proj.ini"
Success: Loading usralgo.ko
Success: Loading RT Address of ILC_Main
Success: Loading RT Address of CfromScript
Success: Loading RT Address of CaptCompISR
LoadRTUserCode() Delta Time (sec) = 0.642880
Including Project File: /var/ftp/usrflash/Project/Configuration/pp_disable.txt 
Including Project File: /var/ftp/usrflash/Project/PMAC Script Language/Global Includes/global definitions.pmh 
Including Project File: /var/ftp/usrflash/Project/PMAC Script Language/Libraries/subprog1.pmc 
Including Project File: /var/ftp/usrflash/Project/PMAC Script Language/Motion Programs/prog1.pmc 
Including Project File: /var/ftp/usrflash/Project/PMAC Script Language/PLC Programs/plc1.plc 
Including Project File: /var/ftp/usrflash/Project/Configuration/pp_startup.txt 
Status: Pass 1 Create debug file, #defines, *.h & .sym files, Time (sec) = 0.024087
Status: Pass 2 Verify prog calls, local stack & labels, Time (sec)  = 0.001097
2 Project Symbols were created for gpascii -2 communication
Status: Create PPMAC Symbol Table & Run CPP Time (sec) = 0.190638
Status: Successful load of preprocessed File: "/var/ftp/usrflash/Temp/pp_proj.pma"
Status: Download to PPMAC Command Processor, Time (sec) = 0.000792
Status: Final pp_proj.h & Run Background C Apps, Time (sec) = 0.164601
Project Preprocessing & Load Total Time (sec) = 1.024866
[PMAC_PROJECT]
Start of Project Loading using INI File: "/var/ftp/usrflash/Project/Configuration/pp_proj.ini"
Success: Loading usralgo.ko
Success: Loading RT Address of ILC_Main
Success: Loading RT Address of CfromScript
Success: Loading RT Address of CaptCompISR
LoadRTUserCode() Delta Time (sec) = 0.642759
Including Project File: /var/ftp/usrflash/Project/Configuration/pp_disable.txt 
Including Project File: /var/ftp/usrflash/Project/PMAC Script Language/Global Includes/global definitions.pmh 
Including Project File: /var/ftp/usrflash/Project/PMAC Script Language/Libraries/subprog1.pmc 
Including Project File: /var/ftp/usrflash/Project/PMAC Script Language/Motion Programs/prog1.pmc 
Including Project File: /var/ftp/usrflash/Project/PMAC Script Language/PLC Programs/plc1.plc 
Including Project File: /var/ftp/usrflash/Project/Configuration/pp_startup.txt 
Status: Pass 1 Create debug file, #defines, *.h & .sym files, Time (sec) = 0.024122
Status: Pass 2 Verify prog calls, local stack & labels, Time (sec)  = 0.001147
2 Project Symbols were created for gpascii -2 communication
Status: Create PPMAC Symbol Table & Run CPP Time (sec) = 0.191880
Status: Successful load of preprocessed File: "/var/ftp/usrflash/Temp/pp_proj.pma"
Status: Download to PPMAC Command Processor, Time (sec) = 0.000820
Status: Final pp_proj.h & Run Background C Apps, Time (sec) = 0.056893
Project Preprocessing & Load Total Time (sec) = 0.917956
[PMAC_PROJECT]
Start of Project Loading using INI File: "/var/ftp/usrflash/Project/Configuration/pp_proj.ini"
Success: Loading usralgo.ko
Success: Loading RT Address of ILC_Main
Success: Loading RT Address of CfromScript
Success: Loading RT Address of CaptCompISR
LoadRTUserCode() Delta Time (sec) = 0.649594
Including Project File: /var/ftp/usrflash/Project/Configuration/pp_disable.txt 
Including Project File: /var/ftp/usrflash/Project/PMAC Script Language/Global Includes/global definitions.pmh 
Including Project File: /var/ftp/usrflash/Project/PMAC Script Language/Libraries/subprog1.pmc 
Including Project File: /var/ftp/usrflash/Project/PMAC Script Language/Motion Programs/prog1.pmc 
Including Project File: /var/ftp/usrflash/Project/PMAC Script Language/PLC Programs/plc1.plc 
Including Project File: /var/ftp/usrflash/Project/Configuration/pp_startup.txt 
Status: Pass 1 Create debug file, #defines, *.h & .sym files, Time (sec) = 0.021697
Status: Pass 2 Verify prog calls, local stack & labels, Time (sec)  = 0.001068
2 Project Symbols were created for gpascii -2 communication
Status: Create PPMAC Symbol Table & Run CPP Time (sec) = 0.194156
Status: Successful load of preprocessed File: "/var/ftp/usrflash/Temp/pp_proj.pma"
Status: Download to PPMAC Command Processor, Time (sec) = 0.000789
Status: Final pp_proj.h & Run Background C Apps, Time (sec) = 0.054245
Project Preprocessing & Load Total Time (sec) = 0.921773
[PMAC_PROJECT]
Start of Project Loading using INI File: "/var/ftp/usrflash/Project/Configuration/pp_proj.ini"
Success: Loading usralgo.ko
Success: Loading RT Address of ILC_Main
Success: Loading RT Address of CfromScript
Success: Loading RT Address of CaptCompISR
LoadRTUserCode() Delta Time (sec) = 0.654296
Including Project File: /var/ftp/usrflash/Project/Configuration/pp_disable.txt 
Including Project File: /var/ftp/usrflash/Project/PMAC Script Language/Global Includes/global definitions.pmh 
Including Project File: /var/ftp/usrflash/Project/PMAC Script Language/Libraries/subprog1.pmc 
Including Project File: /var/ftp/usrflash/Project/PMAC Script Language/Motion Programs/prog1.pmc 
Including Project File: /var/ftp/usrflash/Project/PMAC Script Language/PLC Programs/plc1.plc 
Including Project File: /var/ftp/usrflash/Project/Configuration/pp_startup.txt 
Status: Pass 1 Create debug file, #defines, *.h & .sym files, Time (sec) = 0.021629
Status: Pass 2 Verify prog calls, local stack & labels, Time (sec)  = 0.003697
2 Project Symbols were created for gpascii -2 communication
Status: Create PPMAC Symbol Table & Run CPP Time (sec) = 0.194214
Status: Successful load of preprocessed File: "/var/ftp/usrflash/Temp/pp_proj.pma"
Status: Download to PPMAC Command Processor, Time (sec) = 0.000674
Status: Final pp_proj.h & Run Background C Apps, Time (sec) = 0.058016
Project Preprocessing & Load Total Time (sec) = 0.932823
[PMAC_PROJECT]
Start of Project Loading using INI File: "/var/ftp/usrflash/Project/Configuration/pp_proj.ini"
Including Project File: /var/ftp/usrflash/Project/Configuration/pp_disable.txt 
Including Project File: /var/ftp/usrflash/Project/PMAC Script Language/Global Includes/global definitions.pmh 
Including Project File: /var/ftp/usrflash/Project/PMAC Script Language/Libraries/subprog1.pmc 
Including Project File: /var/ftp/usrflash/Project/PMAC Script Language/Motion Programs/prog1.pmc 
Including Project File: /var/ftp/usrflash/Project/PMAC Script Language/PLC Programs/plc1.plc 
Including Project File: /var/ftp/usrflash/Project/Configuration/pp_startup.txt 
[PMAC_PROJECT]
Start of Project Loading using INI File: "/var/ftp/usrflash/Project/Configuration/pp_proj.ini"
Including Project File: /var/ftp/usrflash/Project/Configuration/pp_disable.txt 
Including Project File: /var/ftp/usrflash/Project/PMAC Script Language/Global Includes/global definitions.pmh 
Including Project File: /var/ftp/usrflash/Project/PMAC Script Language/Libraries/subprog1.pmc 
Including Project File: /var/ftp/usrflash/Project/PMAC Script Language/Motion Programs/prog1.pmc 
Including Project File: /var/ftp/usrflash/Project/PMAC Script Language/PLC Programs/plc1.plc 
Including Project File: /var/ftp/usrflash/Project/Configuration/pp_startup.txt 
[PMAC_PROJECT]
Start of Project Loading using INI File: "/var/ftp/usrflash/Project/Configuration/pp_proj.ini"
Success: Loading usralgo.ko
Success: Loading RT Address of ILC_Main
Success: Loading RT Address of CfromScript
Success: Loading RT Address of CaptCompISR
LoadRTUserCode() Delta Time (sec) = 0.477099
Including Project File: /var/ftp/usrflash/Project/Configuration/pp_disable.txt 
Including Project File: /var/ftp/usrflash/Project/PMAC Script Language/Global Includes/global definitions.pmh 
Including Project File: /var/ftp/usrflash/Project/PMAC Script Language/Libraries/subprog1.pmc 
Including Project File: /var/ftp/usrflash/Project/PMAC Script Language/Motion Programs/prog1.pmc 
Including Project File: /var/ftp/usrflash/Project/PMAC Script Language/PLC Programs/plc1.plc 
Including Project File: /var/ftp/usrflash/Project/Configuration/pp_startup.txt 
Status: Pass 1 Create debug file, #defines, *.h & .sym files, Time (sec) = 0.019046
Status: Pass 2 Verify prog calls, local stack & labels, Time (sec)  = 0.000988
2 Project Symbols were created for gpascii -2 communication
Status: Create PPMAC Symbol Table & Run CPP Time (sec) = 0.165515
Status: Successful load of preprocessed File: "/var/ftp/usrflash/Temp/pp_proj.pma"
Status: Download to PPMAC Command Processor, Time (sec) = 0.000772
Status: Final pp_proj.h & Run Background C Apps, Time (sec) = 0.142211
Project Preprocessing & Load Total Time (sec) = 0.806280
[PMAC_PROJECT]
Start of Project Loading using INI File: "/var/ftp/usrflash/Project/Configuration/pp_proj.ini"
Including Project File: /var/ftp/usrflash/Project/Configuration/pp_disable.txt 
Including Project File: /var/ftp/usrflash/Project/PMAC Script Language/Global Includes/global definitions.pmh 
Including Project File: /var/ftp/usrflash/Project/PMAC Script Language/Libraries/subprog1.pmc 
Including Project File: /var/ftp/usrflash/Project/PMAC Script Language/Motion Programs/prog1.pmc 
Including Project File: /var/ftp/usrflash/Project/PMAC Script Language/PLC Programs/plc1.plc 
Including Project File: /var/ftp/usrflash/Project/Configuration/pp_startup.txt 
[PMAC_PROJECT]
Start of Project Loading using INI File: "/var/ftp/usrflash/Project/Configuration/pp_proj.ini"
Success: Loading usralgo.ko
Success: Loading RT Address of ILC_Main
Success: Loading RT Address of CfromScript
Success: Loading RT Address of CaptCompISR
LoadRTUserCode() Delta Time (sec) = 0.472128
Including Project File: /var/ftp/usrflash/Project/Configuration/pp_disable.txt 
Including Project File: /var/ftp/usrflash/Project/PMAC Script Language/Global Includes/global definitions.pmh 
Including Project File: /var/ftp/usrflash/Project/PMAC Script Language/Libraries/subprog1.pmc 
Including Project File: /var/ftp/usrflash/Project/PMAC Script Language/Motion Programs/prog1.pmc 
Including Project File: /var/ftp/usrflash/Project/PMAC Script Language/PLC Programs/plc1.plc 
Including Project File: /var/ftp/usrflash/Project/Configuration/pp_startup.txt 
Status: Pass 1 Create debug file, #defines, *.h & .sym files, Time (sec) = 0.017214
Status: Pass 2 Verify prog calls, local stack & labels, Time (sec)  = 0.001014
2 Project Symbols were created for gpascii -2 communication
Status: Create PPMAC Symbol Table & Run CPP Time (sec) = 0.161336
Status: Successful load of preprocessed File: "/var/ftp/usrflash/Temp/pp_proj.pma"
Status: Download to PPMAC Command Processor, Time (sec) = 0.000826
Status: Final pp_proj.h & Run Background C Apps, Time (sec) = 0.141756
Project Preprocessing & Load Total Time (sec) = 0.795064
[PMAC_PROJECT]
Start of Project Loading using INI File: "/var/ftp/usrflash/Project/Configuration/pp_proj.ini"
Success: Loading usralgo.ko
Success: Loading RT Address of ILC_Main
Success: Loading RT Address of CfromScript
Success: Loading RT Address of CaptCompISR
LoadRTUserCode() Delta Time (sec) = 0.616903
Including Project File: /var/ftp/usrflash/Project/Configuration/pp_disable.txt 
Including Project File: /var/ftp/usrflash/Project/PMAC Script Language/Global Includes/global definitions.pmh 
Including Project File: /var/ftp/usrflash/Project/PMAC Script Language/Libraries/subprog1.pmc 
Including Project File: /var/ftp/usrflash/Project/PMAC Script Language/Motion Programs/prog1.pmc 
Including Project File: /var/ftp/usrflash/Project/PMAC Script Language/PLC Programs/plc1.plc 
Including Project File: /var/ftp/usrflash/Project/Configuration/pp_startup.txt 
Status: Pass 1 Create debug file, #defines, *.h & .sym files, Time (sec) = 0.024149
Status: Pass 2 Verify prog calls, local stack & labels, Time (sec)  = 0.001149
2 Project Symbols were created for gpascii -2 communication
Status: Create PPMAC Symbol Table & Run CPP Time (sec) = 0.186706
Status: Successful load of preprocessed File: "/var/ftp/usrflash/Temp/pp_proj.pma"
Status: Download to PPMAC Command Processor, Time (sec) = 0.000688
Status: Final pp_proj.h & Run Background C Apps, Time (sec) = 0.054414
Project Preprocessing & Load Total Time (sec) = 0.884247
[PMAC_PROJECT]
Start of Project Loading using INI File: "/var/ftp/usrflash/Project/Configuration/pp_proj.ini"
Success: Loading usralgo.ko
Success: Loading RT Address of ILC_Main
Success: Loading RT Address of CfromScript
Success: Loading RT Address of CaptCompISR
LoadRTUserCode() Delta Time (sec) = 0.539456
Including Project File: /var/ftp/usrflash/Project/Configuration/pp_disable.txt 
Including Project File: /var/ftp/usrflash/Project/PMAC Script Language/Global Includes/global definitions.pmh 
Including Project File: /var/ftp/usrflash/Project/PMAC Script Language/Libraries/subprog1.pmc 
Including Project File: /var/ftp/usrflash/Project/PMAC Script Language/Motion Programs/prog1.pmc 
Including Project File: /var/ftp/usrflash/Project/PMAC Script Language/PLC Programs/plc1.plc 
Including Project File: /var/ftp/usrflash/Project/Configuration/pp_startup.txt 
Status: Pass 1 Create debug file, #defines, *.h & .sym files, Time (sec) = 0.021739
Status: Pass 2 Verify prog calls, local stack & labels, Time (sec)  = 0.001250
2 Project Symbols were created for gpascii -2 communication
Status: Create PPMAC Symbol Table & Run CPP Time (sec) = 0.191706
Status: Successful load of preprocessed File: "/var/ftp/usrflash/Temp/pp_proj.pma"
Status: Download to PPMAC Command Processor, Time (sec) = 0.000812
Status: Final pp_proj.h & Run Background C Apps, Time (sec) = 0.055099
Project Preprocessing & Load Total Time (sec) = 0.810331
[PMAC_PROJECT]
Start of Project Loading using INI File: "/var/ftp/usrflash/Project/Configuration/pp_proj.ini"
Success: Loading usralgo.ko
Success: Loading RT Address of ILC_Main
Success: Loading RT Address of CfromScript
Success: Loading RT Address of CaptCompISR
LoadRTUserCode() Delta Time (sec) = 0.636899
Including Project File: /var/ftp/usrflash/Project/Configuration/pp_disable.txt 
Including Project File: /var/ftp/usrflash/Project/PMAC Script Language/Global Includes/global definitions.pmh 
Including Project File: /var/ftp/usrflash/Project/PMAC Script Language/Libraries/subprog1.pmc 
Including Project File: /var/ftp/usrflash/Project/PMAC Script Language/Motion Programs/prog1.pmc 
Including Project File: /var/ftp/usrflash/Project/PMAC Script Language/PLC Programs/plc1.plc 
Including Project File: /var/ftp/usrflash/Project/Configuration/pp_startup.txt 
Status: Pass 1 Create debug file, #defines, *.h & .sym files, Time (sec) = 0.022084
Status: Pass 2 Verify prog calls, local stack & labels, Time (sec)  = 0.001194
2 Project Symbols were created for gpascii -2 communication
Status: Create PPMAC Symbol Table & Run CPP Time (sec) = 0.187957
Status: Successful load of preprocessed File: "/var/ftp/usrflash/Temp/pp_proj.pma"
Status: Download to PPMAC Command Processor, Time (sec) = 0.000721
Status: Final pp_proj.h & Run Background C Apps, Time (sec) = 0.054510
Project Preprocessing & Load Total Time (sec) = 0.903622
[PMAC_PROJECT]
Start of Project Loading using INI File: "/var/ftp/usrflash/Project/Configuration/pp_proj.ini"
Success: Loading usralgo.ko
Success: Loading RT Address of ILC_Main
Success: Loading RT Address of CfromScript
Success: Loading RT Address of CaptCompISR
LoadRTUserCode() Delta Time (sec) = 0.624393
Including Project File: /var/ftp/usrflash/Project/Configuration/pp_disable.txt 
Including Project File: /var/ftp/usrflash/Project/PMAC Script Language/Global Includes/global definitions.pmh 
Including Project File: /var/ftp/usrflash/Project/PMAC Script Language/Libraries/subprog1.pmc 
Including Project File: /var/ftp/usrflash/Project/PMAC Script Language/Motion Programs/prog1.pmc 
Including Project File: /var/ftp/usrflash/Project/PMAC Script Language/PLC Programs/plc1.plc 
Including Project File: /var/ftp/usrflash/Project/Configuration/pp_startup.txt 
Status: Pass 1 Create debug file, #defines, *.h & .sym files, Time (sec) = 0.024412
Status: Pass 2 Verify prog calls, local stack & labels, Time (sec)  = 0.001113
2 Project Symbols were created for gpascii -2 communication
Status: Create PPMAC Symbol Table & Run CPP Time (sec) = 0.187881
Status: Successful load of preprocessed File: "/var/ftp/usrflash/Temp/pp_proj.pma"
Status: Download to PPMAC Command Processor, Time (sec) = 0.000717
Status: Final pp_proj.h & Run Background C Apps, Time (sec) = 0.054464
Project Preprocessing & Load Total Time (sec) = 0.893284
[PMAC_PROJECT]
Start of Project Loading using INI File: "/var/ftp/usrflash/Project/Configuration/pp_proj.ini"
Including Project File: /var/ftp/usrflash/Project/Configuration/pp_disable.txt 
Including Project File: /var/ftp/usrflash/Project/PMAC Script Language/Global Includes/global definitions.pmh 
Including Project File: /var/ftp/usrflash/Project/PMAC Script Language/Libraries/subprog1.pmc 
Including Project File: /var/ftp/usrflash/Project/PMAC Script Language/Motion Programs/prog1.pmc 
Including Project File: /var/ftp/usrflash/Project/PMAC Script Language/PLC Programs/plc1.plc 
Including Project File: /var/ftp/usrflash/Project/Configuration/pp_startup.txt 
[PMAC_PROJECT]
Start of Project Loading using INI File: "/var/ftp/usrflash/Project/Configuration/pp_proj.ini"
Success: Loading usralgo.ko
Success: Loading RT Address of ILC_Main
Success: Loading RT Address of CfromScript
Success: Loading RT Address of CaptCompISR
LoadRTUserCode() Delta Time (sec) = 0.617805
Including Project File: /var/ftp/usrflash/Project/Configuration/pp_disable.txt 
Including Project File: /var/ftp/usrflash/Project/PMAC Script Language/Global Includes/global definitions.pmh 
Including Project File: /var/ftp/usrflash/Project/PMAC Script Language/Libraries/subprog1.pmc 
Including Project File: /var/ftp/usrflash/Project/PMAC Script Language/Motion Programs/prog1.pmc 
Including Project File: /var/ftp/usrflash/Project/PMAC Script Language/PLC Programs/plc1.plc 
Including Project File: /var/ftp/usrflash/Project/Configuration/pp_startup.txt 
Status: Pass 1 Create debug file, #defines, *.h & .sym files, Time (sec) = 0.024368
Status: Pass 2 Verify prog calls, local stack & labels, Time (sec)  = 0.001171
2 Project Symbols were created for gpascii -2 communication
Status: Create PPMAC Symbol Table & Run CPP Time (sec) = 0.188244
Status: Successful load of preprocessed File: "/var/ftp/usrflash/Temp/pp_proj.pma"
Status: Download to PPMAC Command Processor, Time (sec) = 0.000752
Status: Final pp_proj.h & Run Background C Apps, Time (sec) = 0.160181
Project Preprocessing & Load Total Time (sec) = 0.993376
[PMAC_PROJECT]
Start of Project Loading using INI File: "/var/ftp/usrflash/Project/Configuration/pp_proj.ini"
Success: Loading usralgo.ko
Success: Loading RT Address of ILC_Main
Success: Loading RT Address of CfromScript
Success: Loading RT Address of CaptCompISR
LoadRTUserCode() Delta Time (sec) = 0.614971
Including Project File: /var/ftp/usrflash/Project/Configuration/pp_disable.txt 
Including Project File: /var/ftp/usrflash/Project/PMAC Script Language/Global Includes/global definitions.pmh 
Including Project File: /var/ftp/usrflash/Project/PMAC Script Language/Libraries/subprog1.pmc 
Including Project File: /var/ftp/usrflash/Project/PMAC Script Language/Motion Programs/prog1.pmc 
Including Project File: /var/ftp/usrflash/Project/PMAC Script Language/PLC Programs/plc1.plc 
Including Project File: /var/ftp/usrflash/Project/Configuration/pp_startup.txt 
Status: Pass 1 Create debug file, #defines, *.h & .sym files, Time (sec) = 0.024373
Status: Pass 2 Verify prog calls, local stack & labels, Time (sec)  = 0.001119
2 Project Symbols were created for gpascii -2 communication
Status: Create PPMAC Symbol Table & Run CPP Time (sec) = 0.188134
Status: Successful load of preprocessed File: "/var/ftp/usrflash/Temp/pp_proj.pma"
Status: Download to PPMAC Command Processor, Time (sec) = 0.000800
Status: Final pp_proj.h & Run Background C Apps, Time (sec) = 0.051881
Project Preprocessing & Load Total Time (sec) = 0.881506
[PMAC_PROJECT]
Start of Project Loading using INI File: "/var/ftp/usrflash/Project/Configuration/pp_proj.ini"
Including Project File: /var/ftp/usrflash/Project/Configuration/pp_disable.txt 
Including Project File: /var/ftp/usrflash/Project/PMAC Script Language/Global Includes/global definitions.pmh 
Including Project File: /var/ftp/usrflash/Project/PMAC Script Language/Libraries/subprog1.pmc 
Including Project File: /var/ftp/usrflash/Project/PMAC Script Language/Motion Programs/prog1.pmc 
Including Project File: /var/ftp/usrflash/Project/PMAC Script Language/PLC Programs/plc1.plc 
Including Project File: /var/ftp/usrflash/Project/Configuration/pp_startup.txt 
[PMAC_PROJECT]
Start of Project Loading using INI File: "/var/ftp/usrflash/Project/Configuration/pp_proj.ini"
Success: Loading usralgo.ko
Success: Loading RT Address of ILC_Main
Success: Loading RT Address of CfromScript
Success: Loading RT Address of CaptCompISR
LoadRTUserCode() Delta Time (sec) = 0.713561
Including Project File: /var/ftp/usrflash/Project/Configuration/pp_disable.txt 
Including Project File: /var/ftp/usrflash/Project/PMAC Script Language/Global Includes/global definitions.pmh 
Including Project File: /var/ftp/usrflash/Project/PMAC Script Language/Libraries/subprog1.pmc 
Including Project File: /var/ftp/usrflash/Project/PMAC Script Language/Motion Programs/prog1.pmc 
Including Project File: /var/ftp/usrflash/Project/PMAC Script Language/PLC Programs/plc1.plc 
Including Project File: /var/ftp/usrflash/Project/Configuration/pp_startup.txt 
Status: Pass 1 Create debug file, #defines, *.h & .sym files, Time (sec) = 0.030838
Status: Pass 2 Verify prog calls, local stack & labels, Time (sec)  = 0.001193
2 Project Symbols were created for gpascii -2 communication
Status: Create PPMAC Symbol Table & Run CPP Time (sec) = 0.232696
Status: Successful load of preprocessed File: "/var/ftp/usrflash/Temp/pp_proj.pma"
Status: Download to PPMAC Command Processor, Time (sec) = 0.000830
Status: Final pp_proj.h & Run Background C Apps, Time (sec) = 0.192299
Project Preprocessing & Load Total Time (sec) = 1.172432
[PMAC_PROJECT]
Start of Project Loading using INI File: "/var/ftp/usrflash/Project/Configuration/pp_proj.ini"
Success: Loading usralgo.ko
Success: Loading RT Address of ILC_Main
Success: Loading RT Address of CfromScript
Success: Loading RT Address of CaptCompISR
LoadRTUserCode() Delta Time (sec) = 0.533073
Including Project File: /var/ftp/usrflash/Project/Configuration/pp_disable.txt 
Including Project File: /var/ftp/usrflash/Project/PMAC Script Language/Global Includes/global definitions.pmh 
Including Project File: /var/ftp/usrflash/Project/PMAC Script Language/Libraries/subprog1.pmc 
Including Project File: /var/ftp/usrflash/Project/PMAC Script Language/Motion Programs/prog1.pmc 
Including Project File: /var/ftp/usrflash/Project/PMAC Script Language/PLC Programs/plc1.plc 
Including Project File: /var/ftp/usrflash/Project/Configuration/pp_startup.txt 
Status: Pass 1 Create debug file, #defines, *.h & .sym files, Time (sec) = 0.024059
Status: Pass 2 Verify prog calls, local stack & labels, Time (sec)  = 0.001079
2 Project Symbols were created for gpascii -2 communication
Status: Create PPMAC Symbol Table & Run CPP Time (sec) = 0.182794
Status: Successful load of preprocessed File: "/var/ftp/usrflash/Temp/pp_proj.pma"
Status: Download to PPMAC Command Processor, Time (sec) = 0.000798
Status: Final pp_proj.h & Run Background C Apps, Time (sec) = 0.053738
Project Preprocessing & Load Total Time (sec) = 0.795800
[PMAC_PROJECT]
Start of Project Loading using INI File: "/var/ftp/usrflash/Project/Configuration/pp_proj.ini"
Success: Loading usralgo.ko
Success: Loading RT Address of ILC_Main
Success: Loading RT Address of CfromScript
Success: Loading RT Address of CaptCompISR
LoadRTUserCode() Delta Time (sec) = 0.620374
Including Project File: /var/ftp/usrflash/Project/Configuration/pp_disable.txt 
Including Project File: /var/ftp/usrflash/Project/PMAC Script Language/Global Includes/global definitions.pmh 
Including Project File: /var/ftp/usrflash/Project/PMAC Script Language/Libraries/subprog1.pmc 
Including Project File: /var/ftp/usrflash/Project/PMAC Script Language/Motion Programs/prog1.pmc 
Including Project File: /var/ftp/usrflash/Project/PMAC Script Language/PLC Programs/plc1.plc 
Including Project File: /var/ftp/usrflash/Project/Configuration/pp_startup.txt 
Status: Pass 1 Create debug file, #defines, *.h & .sym files, Time (sec) = 0.023675
Status: Pass 2 Verify prog calls, local stack & labels, Time (sec)  = 0.001286
2 Project Symbols were created for gpascii -2 communication
Status: Create PPMAC Symbol Table & Run CPP Time (sec) = 0.185237
Status: Successful load of preprocessed File: "/var/ftp/usrflash/Temp/pp_proj.pma"
Status: Download to PPMAC Command Processor, Time (sec) = 0.000801
Status: Final pp_proj.h & Run Background C Apps, Time (sec) = 0.054221
Project Preprocessing & Load Total Time (sec) = 0.885934
[PMAC_PROJECT]
Start of Project Loading using INI File: "/var/ftp/usrflash/Project/Configuration/pp_proj.ini"
Success: Loading usralgo.ko
Success: Loading RT Address of ILC_Main
Success: Loading RT Address of CfromScript
Success: Loading RT Address of CaptCompISR
LoadRTUserCode() Delta Time (sec) = 0.611529
Including Project File: /var/ftp/usrflash/Project/Configuration/pp_disable.txt 
Including Project File: /var/ftp/usrflash/Project/PMAC Script Language/Global Includes/global definitions.pmh 
Including Project File: /var/ftp/usrflash/Project/PMAC Script Language/Libraries/subprog1.pmc 
Including Project File: /var/ftp/usrflash/Project/PMAC Script Language/Motion Programs/prog1.pmc 
Including Project File: /var/ftp/usrflash/Project/PMAC Script Language/PLC Programs/plc1.plc 
Including Project File: /var/ftp/usrflash/Project/Configuration/pp_startup.txt 
Status: Pass 1 Create debug file, #defines, *.h & .sym files, Time (sec) = 0.021150
Status: Pass 2 Verify prog calls, local stack & labels, Time (sec)  = 0.001035
2 Project Symbols were created for gpascii -2 communication
Status: Create PPMAC Symbol Table & Run CPP Time (sec) = 0.185047
Status: Successful load of preprocessed File: "/var/ftp/usrflash/Temp/pp_proj.pma"
Status: Download to PPMAC Command Processor, Time (sec) = 0.001080
Status: Final pp_proj.h & Run Background C Apps, Time (sec) = 0.053546
Project Preprocessing & Load Total Time (sec) = 0.873614
[PMAC_PROJECT]
Start of Project Loading using INI File: "/var/ftp/usrflash/Project/Configuration/pp_proj.ini"
Success: Loading usralgo.ko
Success: Loading RT Address of ILC_Main
Success: Loading RT Address of CfromScript
Success: Loading RT Address of CaptCompISR
LoadRTUserCode() Delta Time (sec) = 0.614880
Including Project File: /var/ftp/usrflash/Project/Configuration/pp_disable.txt 
Including Project File: /var/ftp/usrflash/Project/PMAC Script Language/Global Includes/global definitions.pmh 
Including Project File: /var/ftp/usrflash/Project/PMAC Script Language/Libraries/subprog1.pmc 
Including Project File: /var/ftp/usrflash/Project/PMAC Script Language/Motion Programs/prog1.pmc 
Including Project File: /var/ftp/usrflash/Project/PMAC Script Language/PLC Programs/plc1.plc 
Including Project File: /var/ftp/usrflash/Project/Configuration/pp_startup.txt 
Status: Pass 1 Create debug file, #defines, *.h & .sym files, Time (sec) = 0.021614
Status: Pass 2 Verify prog calls, local stack & labels, Time (sec)  = 0.001189
2 Project Symbols were created for gpascii -2 communication
Status: Create PPMAC Symbol Table & Run CPP Time (sec) = 0.184268
Status: Successful load of preprocessed File: "/var/ftp/usrflash/Temp/pp_proj.pma"
Status: Download to PPMAC Command Processor, Time (sec) = 0.001361
Status: Final pp_proj.h & Run Background C Apps, Time (sec) = 0.051680
Project Preprocessing & Load Total Time (sec) = 0.875635
[PMAC_PROJECT]
Start of Project Loading using INI File: "/var/ftp/usrflash/Project/Configuration/pp_proj.ini"
Success: Loading usralgo.ko
Success: Loading RT Address of ILC_Main
Success: Loading RT Address of CfromScript
Success: Loading RT Address of CaptCompISR
LoadRTUserCode() Delta Time (sec) = 0.622505
Including Project File: /var/ftp/usrflash/Project/Configuration/pp_disable.txt 
Including Project File: /var/ftp/usrflash/Project/PMAC Script Language/Global Includes/global definitions.pmh 
Including Project File: /var/ftp/usrflash/Project/PMAC Script Language/Libraries/subprog1.pmc 
Including Project File: /var/ftp/usrflash/Project/PMAC Script Language/Motion Programs/prog1.pmc 
Including Project File: /var/ftp/usrflash/Project/PMAC Script Language/PLC Programs/plc1.plc 
Including Project File: /var/ftp/usrflash/Project/Configuration/pp_startup.txt 
Status: Pass 1 Create debug file, #defines, *.h & .sym files, Time (sec) = 0.021765
Status: Pass 2 Verify prog calls, local stack & labels, Time (sec)  = 0.001045
2 Project Symbols were created for gpascii -2 communication
Status: Create PPMAC Symbol Table & Run CPP Time (sec) = 0.189206
Status: Successful load of preprocessed File: "/var/ftp/usrflash/Temp/pp_proj.pma"
Status: Download to PPMAC Command Processor, Time (sec) = 0.001412
Status: Final pp_proj.h & Run Background C Apps, Time (sec) = 0.054003
Project Preprocessing & Load Total Time (sec) = 0.890759
[PMAC_PROJECT]
Start of Project Loading using INI File: "/var/ftp/usrflash/Project/Configuration/pp_proj.ini"
Success: Loading usralgo.ko
Success: Loading RT Address of ILC_Main
Success: Loading RT Address of CfromScript
Success: Loading RT Address of CaptCompISR
LoadRTUserCode() Delta Time (sec) = 0.624771
Including Project File: /var/ftp/usrflash/Project/Configuration/pp_disable.txt 
Including Project File: /var/ftp/usrflash/Project/PMAC Script Language/Global Includes/global definitions.pmh 
Including Project File: /var/ftp/usrflash/Project/PMAC Script Language/Libraries/subprog1.pmc 
Including Project File: /var/ftp/usrflash/Project/PMAC Script Language/Motion Programs/prog1.pmc 
Including Project File: /var/ftp/usrflash/Project/PMAC Script Language/PLC Programs/plc1.plc 
Including Project File: /var/ftp/usrflash/Project/Configuration/pp_startup.txt 
Status: Pass 1 Create debug file, #defines, *.h & .sym files, Time (sec) = 0.022035
Status: Pass 2 Verify prog calls, local stack & labels, Time (sec)  = 0.001103
2 Project Symbols were created for gpascii -2 communication
Status: Create PPMAC Symbol Table & Run CPP Time (sec) = 0.181678
Status: Successful load of preprocessed File: "/var/ftp/usrflash/Temp/pp_proj.pma"
Status: Download to PPMAC Command Processor, Time (sec) = 0.000835
Status: Final pp_proj.h & Run Background C Apps, Time (sec) = 0.053496
Project Preprocessing & Load Total Time (sec) = 0.884261
[PMAC_PROJECT]
Start of Project Loading using INI File: "/var/ftp/usrflash/Project/Configuration/pp_proj.ini"
Success: Loading usralgo.ko
Success: Loading RT Address of ILC_Main
Success: Loading RT Address of CfromScript
Success: Loading RT Address of CaptCompISR
LoadRTUserCode() Delta Time (sec) = 0.582768
Including Project File: /var/ftp/usrflash/Project/Configuration/pp_disable.txt 
Including Project File: /var/ftp/usrflash/Project/PMAC Script Language/Global Includes/global definitions.pmh 
Including Project File: /var/ftp/usrflash/Project/PMAC Script Language/Libraries/subprog1.pmc 
Including Project File: /var/ftp/usrflash/Project/PMAC Script Language/Motion Programs/prog1.pmc 
Including Project File: /var/ftp/usrflash/Project/PMAC Script Language/PLC Programs/plc1.plc 
Including Project File: /var/ftp/usrflash/Project/Configuration/pp_startup.txt 
Status: Pass 1 Create debug file, #defines, *.h & .sym files, Time (sec) = 0.021620
Status: Pass 2 Verify prog calls, local stack & labels, Time (sec)  = 0.003356
2 Project Symbols were created for gpascii -2 communication
Status: Create PPMAC Symbol Table & Run CPP Time (sec) = 0.183057
Status: Successful load of preprocessed File: "/var/ftp/usrflash/Temp/pp_proj.pma"
Status: Download to PPMAC Command Processor, Time (sec) = 0.004245
Status: Final pp_proj.h & Run Background C Apps, Time (sec) = 0.051986
Project Preprocessing & Load Total Time (sec) = 0.847286
[PMAC_PROJECT]
Start of Project Loading using INI File: "/var/ftp/usrflash/Project/Configuration/pp_proj.ini"
Success: Loading usralgo.ko
Success: Loading RT Address of ILC_Main
Success: Loading RT Address of CfromScript
Success: Loading RT Address of CaptCompISR
LoadRTUserCode() Delta Time (sec) = 0.556138
Including Project File: /var/ftp/usrflash/Project/Configuration/pp_disable.txt 
Including Project File: /var/ftp/usrflash/Project/PMAC Script Language/Global Includes/global definitions.pmh 
Including Project File: /var/ftp/usrflash/Project/PMAC Script Language/Libraries/subprog1.pmc 
Including Project File: /var/ftp/usrflash/Project/PMAC Script Language/Motion Programs/prog1.pmc 
Including Project File: /var/ftp/usrflash/Project/PMAC Script Language/PLC Programs/plc1.plc 
Including Project File: /var/ftp/usrflash/Project/Configuration/pp_startup.txt 
Status: Pass 1 Create debug file, #defines, *.h & .sym files, Time (sec) = 0.021583
Status: Pass 2 Verify prog calls, local stack & labels, Time (sec)  = 0.001085
2 Project Symbols were created for gpascii -2 communication
Status: Create PPMAC Symbol Table & Run CPP Time (sec) = 0.185278
Status: Successful load of preprocessed File: "/var/ftp/usrflash/Temp/pp_proj.pma"
Status: Download to PPMAC Command Processor, Time (sec) = 0.000822
Status: Final pp_proj.h & Run Background C Apps, Time (sec) = 0.054614
Project Preprocessing & Load Total Time (sec) = 0.819850
[PMAC_PROJECT]
Start of Project Loading using INI File: "/var/ftp/usrflash/Project/Configuration/pp_proj.ini"
Success: Loading usralgo.ko
Success: Loading RT Address of ILC_Main
Success: Loading RT Address of CfromScript
Success: Loading RT Address of CaptCompISR
LoadRTUserCode() Delta Time (sec) = 0.625786
Including Project File: /var/ftp/usrflash/Project/Configuration/pp_disable.txt 
Including Project File: /var/ftp/usrflash/Project/PMAC Script Language/Global Includes/global definitions.pmh 
Including Project File: /var/ftp/usrflash/Project/PMAC Script Language/Libraries/subprog1.pmc 
Including Project File: /var/ftp/usrflash/Project/PMAC Script Language/Motion Programs/prog1.pmc 
Including Project File: /var/ftp/usrflash/Project/PMAC Script Language/PLC Programs/plc1.plc 
Including Project File: /var/ftp/usrflash/Project/Configuration/pp_startup.txt 
Status: Pass 1 Create debug file, #defines, *.h & .sym files, Time (sec) = 0.024909
Status: Pass 2 Verify prog calls, local stack & labels, Time (sec)  = 0.001098
2 Project Symbols were created for gpascii -2 communication
Status: Create PPMAC Symbol Table & Run CPP Time (sec) = 0.189966
Status: Successful load of preprocessed File: "/var/ftp/usrflash/Temp/pp_proj.pma"
Status: Download to PPMAC Command Processor, Time (sec) = 0.000799
Status: Final pp_proj.h & Run Background C Apps, Time (sec) = 0.053874
Project Preprocessing & Load Total Time (sec) = 0.896722
[PMAC_PROJECT]
Start of Project Loading using INI File: "/var/ftp/usrflash/Project/Configuration/pp_proj.ini"
Success: Loading usralgo.ko
Success: Loading RT Address of ILC_Main
Success: Loading RT Address of CfromScript
Success: Loading RT Address of CaptCompISR
LoadRTUserCode() Delta Time (sec) = 0.614970
Including Project File: /var/ftp/usrflash/Project/Configuration/pp_disable.txt 
Including Project File: /var/ftp/usrflash/Project/PMAC Script Language/Global Includes/global definitions.pmh 
Including Project File: /var/ftp/usrflash/Project/PMAC Script Language/Libraries/subprog1.pmc 
Including Project File: /var/ftp/usrflash/Project/PMAC Script Language/Motion Programs/prog1.pmc 
Including Project File: /var/ftp/usrflash/Project/PMAC Script Language/PLC Programs/plc1.plc 
Including Project File: /var/ftp/usrflash/Project/Configuration/pp_startup.txt 
Status: Pass 1 Create debug file, #defines, *.h & .sym files, Time (sec) = 0.024548
Status: Pass 2 Verify prog calls, local stack & labels, Time (sec)  = 0.001158
2 Project Symbols were created for gpascii -2 communication
Status: Create PPMAC Symbol Table & Run CPP Time (sec) = 0.188653
Status: Successful load of preprocessed File: "/var/ftp/usrflash/Temp/pp_proj.pma"
Status: Download to PPMAC Command Processor, Time (sec) = 0.000822
Status: Final pp_proj.h & Run Background C Apps, Time (sec) = 0.054622
Project Preprocessing & Load Total Time (sec) = 0.885078
[PMAC_PROJECT]
Start of Project Loading using INI File: "/var/ftp/usrflash/Project/Configuration/pp_proj.ini"
Success: Loading usralgo.ko
Success: Loading RT Address of ILC_Main
Success: Loading RT Address of CfromScript
Success: Loading RT Address of CaptCompISR
LoadRTUserCode() Delta Time (sec) = 0.620505
Including Project File: /var/ftp/usrflash/Project/Configuration/pp_disable.txt 
Including Project File: /var/ftp/usrflash/Project/PMAC Script Language/Global Includes/global definitions.pmh 
Including Project File: /var/ftp/usrflash/Project/PMAC Script Language/Libraries/subprog1.pmc 
Including Project File: /var/ftp/usrflash/Project/PMAC Script Language/Motion Programs/prog1.pmc 
Including Project File: /var/ftp/usrflash/Project/PMAC Script Language/PLC Programs/plc1.plc 
Including Project File: /var/ftp/usrflash/Project/Configuration/pp_startup.txt 
Status: Pass 1 Create debug file, #defines, *.h & .sym files, Time (sec) = 0.024958
Status: Pass 2 Verify prog calls, local stack & labels, Time (sec)  = 0.001129
2 Project Symbols were created for gpascii -2 communication
Status: Create PPMAC Symbol Table & Run CPP Time (sec) = 0.186342
Status: Successful load of preprocessed File: "/var/ftp/usrflash/Temp/pp_proj.pma"
Status: Download to PPMAC Command Processor, Time (sec) = 0.000836
Status: Final pp_proj.h & Run Background C Apps, Time (sec) = 0.051541
Project Preprocessing & Load Total Time (sec) = 0.885581
[PMAC_PROJECT]
Start of Project Loading using INI File: "/var/ftp/usrflash/Project/Configuration/pp_proj.ini"
Success: Loading usralgo.ko
Success: Loading RT Address of ILC_Main
Success: Loading RT Address of CfromScript
Success: Loading RT Address of CaptCompISR
LoadRTUserCode() Delta Time (sec) = 0.607387
Including Project File: /var/ftp/usrflash/Project/Configuration/pp_disable.txt 
Including Project File: /var/ftp/usrflash/Project/PMAC Script Language/Global Includes/global definitions.pmh 
Including Project File: /var/ftp/usrflash/Project/PMAC Script Language/Libraries/subprog1.pmc 
Including Project File: /var/ftp/usrflash/Project/PMAC Script Language/Motion Programs/prog1.pmc 
Including Project File: /var/ftp/usrflash/Project/PMAC Script Language/PLC Programs/plc1.plc 
Including Project File: /var/ftp/usrflash/Project/Configuration/pp_startup.txt 
Status: Pass 1 Create debug file, #defines, *.h & .sym files, Time (sec) = 0.024069
Status: Pass 2 Verify prog calls, local stack & labels, Time (sec)  = 0.001110
2 Project Symbols were created for gpascii -2 communication
Status: Create PPMAC Symbol Table & Run CPP Time (sec) = 0.182100
Status: Successful load of preprocessed File: "/var/ftp/usrflash/Temp/pp_proj.pma"
Status: Download to PPMAC Command Processor, Time (sec) = 0.000774
Status: Final pp_proj.h & Run Background C Apps, Time (sec) = 0.053777
Project Preprocessing & Load Total Time (sec) = 0.869472
[PMAC_PROJECT]
Start of Project Loading using INI File: "/var/ftp/usrflash/Project/Configuration/pp_proj.ini"
Success: Loading usralgo.ko
Success: Loading RT Address of ILC_Main
Success: Loading RT Address of CfromScript
Success: Loading RT Address of CaptCompISR
LoadRTUserCode() Delta Time (sec) = 0.618887
Including Project File: /var/ftp/usrflash/Project/Configuration/pp_disable.txt 
Including Project File: /var/ftp/usrflash/Project/PMAC Script Language/Global Includes/global definitions.pmh 
Including Project File: /var/ftp/usrflash/Project/PMAC Script Language/Libraries/subprog1.pmc 
Including Project File: /var/ftp/usrflash/Project/PMAC Script Language/Motion Programs/prog1.pmc 
Including Project File: /var/ftp/usrflash/Project/PMAC Script Language/PLC Programs/plc1.plc 
Including Project File: /var/ftp/usrflash/Project/Configuration/pp_startup.txt 
Status: Pass 1 Create debug file, #defines, *.h & .sym files, Time (sec) = 0.024035
Status: Pass 2 Verify prog calls, local stack & labels, Time (sec)  = 0.001220
2 Project Symbols were created for gpascii -2 communication
Status: Create PPMAC Symbol Table & Run CPP Time (sec) = 0.182022
Status: Successful load of preprocessed File: "/var/ftp/usrflash/Temp/pp_proj.pma"
Status: Download to PPMAC Command Processor, Time (sec) = 0.000695
Status: Final pp_proj.h & Run Background C Apps, Time (sec) = 0.051445
Project Preprocessing & Load Total Time (sec) = 0.878535
[PMAC_PROJECT]
Start of Project Loading using INI File: "/var/ftp/usrflash/Project/Configuration/pp_proj.ini"
Success: Loading usralgo.ko
Success: Loading RT Address of ILC_Main
Success: Loading RT Address of CfromScript
Success: Loading RT Address of CaptCompISR
LoadRTUserCode() Delta Time (sec) = 0.625207
Including Project File: /var/ftp/usrflash/Project/Configuration/pp_disable.txt 
Including Project File: /var/ftp/usrflash/Project/PMAC Script Language/Global Includes/global definitions.pmh 
Including Project File: /var/ftp/usrflash/Project/PMAC Script Language/Libraries/subprog1.pmc 
Including Project File: /var/ftp/usrflash/Project/PMAC Script Language/Motion Programs/prog1.pmc 
Including Project File: /var/ftp/usrflash/Project/PMAC Script Language/PLC Programs/plc1.plc 
Including Project File: /var/ftp/usrflash/Project/Configuration/pp_startup.txt 
Status: Pass 1 Create debug file, #defines, *.h & .sym files, Time (sec) = 0.021501
Status: Pass 2 Verify prog calls, local stack & labels, Time (sec)  = 0.001221
2 Project Symbols were created for gpascii -2 communication
Status: Create PPMAC Symbol Table & Run CPP Time (sec) = 0.181173
Status: Successful load of preprocessed File: "/var/ftp/usrflash/Temp/pp_proj.pma"
Status: Download to PPMAC Command Processor, Time (sec) = 0.000806
Status: Final pp_proj.h & Run Background C Apps, Time (sec) = 0.054367
Project Preprocessing & Load Total Time (sec) = 0.884552
